{"total": {"lines":{"total":1113,"covered":792,"skipped":0,"pct":71.15},"statements":{"total":1184,"covered":836,"skipped":0,"pct":70.6},"functions":{"total":241,"covered":176,"skipped":0,"pct":73.02},"branches":{"total":219,"covered":136,"skipped":0,"pct":62.1},"branchesTrue":{"total":0,"covered":0,"skipped":0,"pct":100}}
,"C:\\Users\\mmluc\\Desktop\\fiap-fase-3\\fiap-soat-application\\src\\app.module.ts": {"lines":{"total":5,"covered":0,"skipped":0,"pct":0},"functions":{"total":0,"covered":0,"skipped":0,"pct":100},"statements":{"total":7,"covered":0,"skipped":0,"pct":0},"branches":{"total":0,"covered":0,"skipped":0,"pct":100}}
,"C:\\Users\\mmluc\\Desktop\\fiap-fase-3\\fiap-soat-application\\src\\main.ts": {"lines":{"total":25,"covered":0,"skipped":0,"pct":0},"functions":{"total":4,"covered":0,"skipped":0,"pct":0},"statements":{"total":27,"covered":0,"skipped":0,"pct":0},"branches":{"total":3,"covered":0,"skipped":0,"pct":0}}
,"C:\\Users\\mmluc\\Desktop\\fiap-fase-3\\fiap-soat-application\\src\\config\\database.config.ts": {"lines":{"total":19,"covered":0,"skipped":0,"pct":0},"functions":{"total":5,"covered":0,"skipped":0,"pct":0},"statements":{"total":23,"covered":0,"skipped":0,"pct":0},"branches":{"total":21,"covered":0,"skipped":0,"pct":0}}
,"C:\\Users\\mmluc\\Desktop\\fiap-fase-3\\fiap-soat-application\\src\\core\\categories\\entities\\category.errors.ts": {"lines":{"total":3,"covered":0,"skipped":0,"pct":0},"functions":{"total":1,"covered":0,"skipped":0,"pct":0},"statements":{"total":3,"covered":0,"skipped":0,"pct":0},"branches":{"total":0,"covered":0,"skipped":0,"pct":100}}
,"C:\\Users\\mmluc\\Desktop\\fiap-fase-3\\fiap-soat-application\\src\\core\\categories\\entities\\category.ts": {"lines":{"total":3,"covered":3,"skipped":0,"pct":100},"functions":{"total":1,"covered":1,"skipped":0,"pct":100},"statements":{"total":3,"covered":3,"skipped":0,"pct":100},"branches":{"total":0,"covered":0,"skipped":0,"pct":100}}
,"C:\\Users\\mmluc\\Desktop\\fiap-fase-3\\fiap-soat-application\\src\\core\\categories\\operation\\controllers\\categories-controller.ts": {"lines":{"total":7,"covered":7,"skipped":0,"pct":100},"functions":{"total":1,"covered":1,"skipped":0,"pct":100},"statements":{"total":7,"covered":7,"skipped":0,"pct":100},"branches":{"total":0,"covered":0,"skipped":0,"pct":100}}
,"C:\\Users\\mmluc\\Desktop\\fiap-fase-3\\fiap-soat-application\\src\\core\\categories\\operation\\gateways\\categories-gateway.ts": {"lines":{"total":4,"covered":4,"skipped":0,"pct":100},"functions":{"total":3,"covered":3,"skipped":0,"pct":100},"statements":{"total":4,"covered":4,"skipped":0,"pct":100},"branches":{"total":0,"covered":0,"skipped":0,"pct":100}}
,"C:\\Users\\mmluc\\Desktop\\fiap-fase-3\\fiap-soat-application\\src\\core\\categories\\operation\\presenters\\categories-presenter.ts": {"lines":{"total":5,"covered":5,"skipped":0,"pct":100},"functions":{"total":2,"covered":2,"skipped":0,"pct":100},"statements":{"total":6,"covered":6,"skipped":0,"pct":100},"branches":{"total":2,"covered":2,"skipped":0,"pct":100}}
,"C:\\Users\\mmluc\\Desktop\\fiap-fase-3\\fiap-soat-application\\src\\core\\categories\\usecases\\category-usecase.ts": {"lines":{"total":2,"covered":2,"skipped":0,"pct":100},"functions":{"total":1,"covered":1,"skipped":0,"pct":100},"statements":{"total":2,"covered":2,"skipped":0,"pct":100},"branches":{"total":0,"covered":0,"skipped":0,"pct":100}}
,"C:\\Users\\mmluc\\Desktop\\fiap-fase-3\\fiap-soat-application\\src\\core\\common\\dtos\\category.dto.ts": {"lines":{"total":1,"covered":0,"skipped":0,"pct":0},"functions":{"total":0,"covered":0,"skipped":0,"pct":100},"statements":{"total":1,"covered":0,"skipped":0,"pct":0},"branches":{"total":0,"covered":0,"skipped":0,"pct":100}}
,"C:\\Users\\mmluc\\Desktop\\fiap-fase-3\\fiap-soat-application\\src\\core\\common\\dtos\\customer-id.dto.ts": {"lines":{"total":1,"covered":0,"skipped":0,"pct":0},"functions":{"total":0,"covered":0,"skipped":0,"pct":100},"statements":{"total":1,"covered":0,"skipped":0,"pct":0},"branches":{"total":0,"covered":0,"skipped":0,"pct":100}}
,"C:\\Users\\mmluc\\Desktop\\fiap-fase-3\\fiap-soat-application\\src\\core\\common\\dtos\\customer.dto.ts": {"lines":{"total":1,"covered":0,"skipped":0,"pct":0},"functions":{"total":0,"covered":0,"skipped":0,"pct":100},"statements":{"total":1,"covered":0,"skipped":0,"pct":0},"branches":{"total":0,"covered":0,"skipped":0,"pct":100}}
,"C:\\Users\\mmluc\\Desktop\\fiap-fase-3\\fiap-soat-application\\src\\core\\common\\dtos\\product-id.dto.ts": {"lines":{"total":1,"covered":1,"skipped":0,"pct":100},"functions":{"total":0,"covered":0,"skipped":0,"pct":100},"statements":{"total":1,"covered":1,"skipped":0,"pct":100},"branches":{"total":0,"covered":0,"skipped":0,"pct":100}}
,"C:\\Users\\mmluc\\Desktop\\fiap-fase-3\\fiap-soat-application\\src\\core\\common\\dtos\\product.dto.ts": {"lines":{"total":1,"covered":1,"skipped":0,"pct":100},"functions":{"total":0,"covered":0,"skipped":0,"pct":100},"statements":{"total":1,"covered":1,"skipped":0,"pct":100},"branches":{"total":0,"covered":0,"skipped":0,"pct":100}}
,"C:\\Users\\mmluc\\Desktop\\fiap-fase-3\\fiap-soat-application\\src\\core\\common\\exceptions\\exception.base.ts": {"lines":{"total":6,"covered":0,"skipped":0,"pct":0},"functions":{"total":2,"covered":0,"skipped":0,"pct":0},"statements":{"total":6,"covered":0,"skipped":0,"pct":0},"branches":{"total":0,"covered":0,"skipped":0,"pct":100}}
,"C:\\Users\\mmluc\\Desktop\\fiap-fase-3\\fiap-soat-application\\src\\core\\customers\\entities\\customer.ts": {"lines":{"total":19,"covered":12,"skipped":0,"pct":63.15},"functions":{"total":10,"covered":6,"skipped":0,"pct":60},"statements":{"total":19,"covered":12,"skipped":0,"pct":63.15},"branches":{"total":0,"covered":0,"skipped":0,"pct":100}}
,"C:\\Users\\mmluc\\Desktop\\fiap-fase-3\\fiap-soat-application\\src\\core\\customers\\entities\\factories\\customer.factory.ts": {"lines":{"total":6,"covered":6,"skipped":0,"pct":100},"functions":{"total":1,"covered":1,"skipped":0,"pct":100},"statements":{"total":8,"covered":8,"skipped":0,"pct":100},"branches":{"total":0,"covered":0,"skipped":0,"pct":100}}
,"C:\\Users\\mmluc\\Desktop\\fiap-fase-3\\fiap-soat-application\\src\\core\\customers\\entities\\read-models\\customer.read-model.ts": {"lines":{"total":6,"covered":0,"skipped":0,"pct":0},"functions":{"total":0,"covered":0,"skipped":0,"pct":100},"statements":{"total":6,"covered":0,"skipped":0,"pct":0},"branches":{"total":0,"covered":0,"skipped":0,"pct":100}}
,"C:\\Users\\mmluc\\Desktop\\fiap-fase-3\\fiap-soat-application\\src\\core\\customers\\operation\\controllers\\customers-controller.ts": {"lines":{"total":19,"covered":0,"skipped":0,"pct":0},"functions":{"total":3,"covered":0,"skipped":0,"pct":0},"statements":{"total":19,"covered":0,"skipped":0,"pct":0},"branches":{"total":1,"covered":0,"skipped":0,"pct":0}}
,"C:\\Users\\mmluc\\Desktop\\fiap-fase-3\\fiap-soat-application\\src\\core\\customers\\operation\\gateways\\customers-gateway.ts": {"lines":{"total":7,"covered":7,"skipped":0,"pct":100},"functions":{"total":6,"covered":6,"skipped":0,"pct":100},"statements":{"total":7,"covered":7,"skipped":0,"pct":100},"branches":{"total":0,"covered":0,"skipped":0,"pct":100}}
,"C:\\Users\\mmluc\\Desktop\\fiap-fase-3\\fiap-soat-application\\src\\core\\customers\\operation\\presenters\\customer-id-presenter.ts": {"lines":{"total":3,"covered":3,"skipped":0,"pct":100},"functions":{"total":1,"covered":1,"skipped":0,"pct":100},"statements":{"total":3,"covered":3,"skipped":0,"pct":100},"branches":{"total":0,"covered":0,"skipped":0,"pct":100}}
,"C:\\Users\\mmluc\\Desktop\\fiap-fase-3\\fiap-soat-application\\src\\core\\customers\\operation\\presenters\\customers-presenter.ts": {"lines":{"total":5,"covered":5,"skipped":0,"pct":100},"functions":{"total":2,"covered":2,"skipped":0,"pct":100},"statements":{"total":6,"covered":6,"skipped":0,"pct":100},"branches":{"total":2,"covered":2,"skipped":0,"pct":100}}
,"C:\\Users\\mmluc\\Desktop\\fiap-fase-3\\fiap-soat-application\\src\\core\\customers\\operation\\presenters\\get-customer-presenter.ts": {"lines":{"total":3,"covered":3,"skipped":0,"pct":100},"functions":{"total":1,"covered":1,"skipped":0,"pct":100},"statements":{"total":3,"covered":3,"skipped":0,"pct":100},"branches":{"total":0,"covered":0,"skipped":0,"pct":100}}
,"C:\\Users\\mmluc\\Desktop\\fiap-fase-3\\fiap-soat-application\\src\\core\\customers\\usecases\\index.ts": {"lines":{"total":6,"covered":0,"skipped":0,"pct":0},"functions":{"total":6,"covered":0,"skipped":0,"pct":0},"statements":{"total":12,"covered":0,"skipped":0,"pct":0},"branches":{"total":0,"covered":0,"skipped":0,"pct":100}}
,"C:\\Users\\mmluc\\Desktop\\fiap-fase-3\\fiap-soat-application\\src\\core\\customers\\usecases\\commands\\create-customer.usecase.ts": {"lines":{"total":8,"covered":8,"skipped":0,"pct":100},"functions":{"total":1,"covered":1,"skipped":0,"pct":100},"statements":{"total":8,"covered":8,"skipped":0,"pct":100},"branches":{"total":1,"covered":1,"skipped":0,"pct":100}}
,"C:\\Users\\mmluc\\Desktop\\fiap-fase-3\\fiap-soat-application\\src\\core\\customers\\usecases\\commands\\delete-customer.usecase.ts": {"lines":{"total":5,"covered":5,"skipped":0,"pct":100},"functions":{"total":1,"covered":1,"skipped":0,"pct":100},"statements":{"total":5,"covered":5,"skipped":0,"pct":100},"branches":{"total":1,"covered":1,"skipped":0,"pct":100}}
,"C:\\Users\\mmluc\\Desktop\\fiap-fase-3\\fiap-soat-application\\src\\core\\customers\\usecases\\commands\\update-customer.usecase.ts": {"lines":{"total":15,"covered":15,"skipped":0,"pct":100},"functions":{"total":1,"covered":1,"skipped":0,"pct":100},"statements":{"total":15,"covered":15,"skipped":0,"pct":100},"branches":{"total":10,"covered":10,"skipped":0,"pct":100}}
,"C:\\Users\\mmluc\\Desktop\\fiap-fase-3\\fiap-soat-application\\src\\core\\customers\\usecases\\queries\\get-all-customers.query.ts": {"lines":{"total":2,"covered":0,"skipped":0,"pct":0},"functions":{"total":1,"covered":0,"skipped":0,"pct":0},"statements":{"total":2,"covered":0,"skipped":0,"pct":0},"branches":{"total":0,"covered":0,"skipped":0,"pct":100}}
,"C:\\Users\\mmluc\\Desktop\\fiap-fase-3\\fiap-soat-application\\src\\core\\customers\\usecases\\queries\\get-customer-by-cpf.query.ts": {"lines":{"total":2,"covered":0,"skipped":0,"pct":0},"functions":{"total":1,"covered":0,"skipped":0,"pct":0},"statements":{"total":2,"covered":0,"skipped":0,"pct":0},"branches":{"total":0,"covered":0,"skipped":0,"pct":100}}
,"C:\\Users\\mmluc\\Desktop\\fiap-fase-3\\fiap-soat-application\\src\\core\\customers\\usecases\\queries\\get-customer-by-id.query.ts": {"lines":{"total":2,"covered":0,"skipped":0,"pct":0},"functions":{"total":1,"covered":0,"skipped":0,"pct":0},"statements":{"total":2,"covered":0,"skipped":0,"pct":0},"branches":{"total":0,"covered":0,"skipped":0,"pct":100}}
,"C:\\Users\\mmluc\\Desktop\\fiap-fase-3\\fiap-soat-application\\src\\core\\orders\\entities\\order-item.ts": {"lines":{"total":9,"covered":9,"skipped":0,"pct":100},"functions":{"total":2,"covered":2,"skipped":0,"pct":100},"statements":{"total":9,"covered":9,"skipped":0,"pct":100},"branches":{"total":0,"covered":0,"skipped":0,"pct":100}}
,"C:\\Users\\mmluc\\Desktop\\fiap-fase-3\\fiap-soat-application\\src\\core\\orders\\entities\\order-status.ts": {"lines":{"total":3,"covered":2,"skipped":0,"pct":66.66},"functions":{"total":2,"covered":1,"skipped":0,"pct":50},"statements":{"total":3,"covered":2,"skipped":0,"pct":66.66},"branches":{"total":0,"covered":0,"skipped":0,"pct":100}}
,"C:\\Users\\mmluc\\Desktop\\fiap-fase-3\\fiap-soat-application\\src\\core\\orders\\entities\\order.ts": {"lines":{"total":34,"covered":14,"skipped":0,"pct":41.17},"functions":{"total":18,"covered":9,"skipped":0,"pct":50},"statements":{"total":35,"covered":15,"skipped":0,"pct":42.85},"branches":{"total":3,"covered":0,"skipped":0,"pct":0}}
,"C:\\Users\\mmluc\\Desktop\\fiap-fase-3\\fiap-soat-application\\src\\core\\orders\\entities\\factories\\orders.factory.ts": {"lines":{"total":14,"covered":6,"skipped":0,"pct":42.85},"functions":{"total":2,"covered":0,"skipped":0,"pct":0},"statements":{"total":16,"covered":8,"skipped":0,"pct":50},"branches":{"total":2,"covered":0,"skipped":0,"pct":0}}
,"C:\\Users\\mmluc\\Desktop\\fiap-fase-3\\fiap-soat-application\\src\\core\\orders\\enums\\order-status-filter.enum.ts": {"lines":{"total":8,"covered":8,"skipped":0,"pct":100},"functions":{"total":1,"covered":1,"skipped":0,"pct":100},"statements":{"total":8,"covered":8,"skipped":0,"pct":100},"branches":{"total":2,"covered":2,"skipped":0,"pct":100}}
,"C:\\Users\\mmluc\\Desktop\\fiap-fase-3\\fiap-soat-application\\src\\core\\orders\\operation\\controllers\\orders-controller.ts": {"lines":{"total":31,"covered":31,"skipped":0,"pct":100},"functions":{"total":6,"covered":6,"skipped":0,"pct":100},"statements":{"total":31,"covered":31,"skipped":0,"pct":100},"branches":{"total":1,"covered":1,"skipped":0,"pct":100}}
,"C:\\Users\\mmluc\\Desktop\\fiap-fase-3\\fiap-soat-application\\src\\core\\orders\\operation\\gateways\\orders-gateway.ts": {"lines":{"total":7,"covered":7,"skipped":0,"pct":100},"functions":{"total":6,"covered":6,"skipped":0,"pct":100},"statements":{"total":7,"covered":7,"skipped":0,"pct":100},"branches":{"total":0,"covered":0,"skipped":0,"pct":100}}
,"C:\\Users\\mmluc\\Desktop\\fiap-fase-3\\fiap-soat-application\\src\\core\\orders\\operation\\presenters\\orders-id-presenter.ts": {"lines":{"total":2,"covered":2,"skipped":0,"pct":100},"functions":{"total":1,"covered":1,"skipped":0,"pct":100},"statements":{"total":2,"covered":2,"skipped":0,"pct":100},"branches":{"total":0,"covered":0,"skipped":0,"pct":100}}
,"C:\\Users\\mmluc\\Desktop\\fiap-fase-3\\fiap-soat-application\\src\\core\\orders\\operation\\presenters\\orders-presenter.ts": {"lines":{"total":4,"covered":4,"skipped":0,"pct":100},"functions":{"total":4,"covered":4,"skipped":0,"pct":100},"statements":{"total":5,"covered":5,"skipped":0,"pct":100},"branches":{"total":0,"covered":0,"skipped":0,"pct":100}}
,"C:\\Users\\mmluc\\Desktop\\fiap-fase-3\\fiap-soat-application\\src\\core\\orders\\usecases\\payment-receive.event.ts": {"lines":{"total":5,"covered":0,"skipped":0,"pct":0},"functions":{"total":1,"covered":0,"skipped":0,"pct":0},"statements":{"total":5,"covered":0,"skipped":0,"pct":0},"branches":{"total":0,"covered":0,"skipped":0,"pct":100}}
,"C:\\Users\\mmluc\\Desktop\\fiap-fase-3\\fiap-soat-application\\src\\core\\orders\\usecases\\commands\\create-order.usecase.ts": {"lines":{"total":12,"covered":11,"skipped":0,"pct":91.66},"functions":{"total":4,"covered":4,"skipped":0,"pct":100},"statements":{"total":14,"covered":13,"skipped":0,"pct":92.85},"branches":{"total":4,"covered":2,"skipped":0,"pct":50}}
,"C:\\Users\\mmluc\\Desktop\\fiap-fase-3\\fiap-soat-application\\src\\core\\orders\\usecases\\commands\\update-order-status.usecase.ts": {"lines":{"total":25,"covered":22,"skipped":0,"pct":88},"functions":{"total":2,"covered":2,"skipped":0,"pct":100},"statements":{"total":25,"covered":22,"skipped":0,"pct":88},"branches":{"total":11,"covered":8,"skipped":0,"pct":72.72}}
,"C:\\Users\\mmluc\\Desktop\\fiap-fase-3\\fiap-soat-application\\src\\core\\orders\\usecases\\events\\payment-received.handler.ts": {"lines":{"total":14,"covered":2,"skipped":0,"pct":14.28},"functions":{"total":1,"covered":0,"skipped":0,"pct":0},"statements":{"total":14,"covered":2,"skipped":0,"pct":14.28},"branches":{"total":3,"covered":0,"skipped":0,"pct":0}}
,"C:\\Users\\mmluc\\Desktop\\fiap-fase-3\\fiap-soat-application\\src\\core\\orders\\usecases\\queries\\get-kitchen-orders.query.ts": {"lines":{"total":5,"covered":1,"skipped":0,"pct":20},"functions":{"total":1,"covered":0,"skipped":0,"pct":0},"statements":{"total":5,"covered":1,"skipped":0,"pct":20},"branches":{"total":0,"covered":0,"skipped":0,"pct":100}}
,"C:\\Users\\mmluc\\Desktop\\fiap-fase-3\\fiap-soat-application\\src\\core\\orders\\usecases\\queries\\get-order-by-id.query.ts": {"lines":{"total":2,"covered":2,"skipped":0,"pct":100},"functions":{"total":1,"covered":1,"skipped":0,"pct":100},"statements":{"total":2,"covered":2,"skipped":0,"pct":100},"branches":{"total":0,"covered":0,"skipped":0,"pct":100}}
,"C:\\Users\\mmluc\\Desktop\\fiap-fase-3\\fiap-soat-application\\src\\core\\orders\\usecases\\queries\\get-order-payment-qrcode.query.ts": {"lines":{"total":20,"covered":1,"skipped":0,"pct":5},"functions":{"total":2,"covered":0,"skipped":0,"pct":0},"statements":{"total":21,"covered":1,"skipped":0,"pct":4.76},"branches":{"total":3,"covered":0,"skipped":0,"pct":0}}
,"C:\\Users\\mmluc\\Desktop\\fiap-fase-3\\fiap-soat-application\\src\\core\\orders\\usecases\\queries\\get-orders-by-status.query.ts": {"lines":{"total":2,"covered":2,"skipped":0,"pct":100},"functions":{"total":1,"covered":1,"skipped":0,"pct":100},"statements":{"total":2,"covered":2,"skipped":0,"pct":100},"branches":{"total":0,"covered":0,"skipped":0,"pct":100}}
,"C:\\Users\\mmluc\\Desktop\\fiap-fase-3\\fiap-soat-application\\src\\core\\orders\\usecases\\queries\\get-orders.query.ts": {"lines":{"total":11,"covered":10,"skipped":0,"pct":90.9},"functions":{"total":1,"covered":1,"skipped":0,"pct":100},"statements":{"total":11,"covered":10,"skipped":0,"pct":90.9},"branches":{"total":9,"covered":8,"skipped":0,"pct":88.88}}
,"C:\\Users\\mmluc\\Desktop\\fiap-fase-3\\fiap-soat-application\\src\\core\\products\\entities\\product.ts": {"lines":{"total":52,"covered":52,"skipped":0,"pct":100},"functions":{"total":17,"covered":17,"skipped":0,"pct":100},"statements":{"total":52,"covered":52,"skipped":0,"pct":100},"branches":{"total":14,"covered":14,"skipped":0,"pct":100}}
,"C:\\Users\\mmluc\\Desktop\\fiap-fase-3\\fiap-soat-application\\src\\core\\products\\entities\\factories\\product.factory.ts": {"lines":{"total":7,"covered":4,"skipped":0,"pct":57.14},"functions":{"total":2,"covered":1,"skipped":0,"pct":50},"statements":{"total":7,"covered":4,"skipped":0,"pct":57.14},"branches":{"total":0,"covered":0,"skipped":0,"pct":100}}
,"C:\\Users\\mmluc\\Desktop\\fiap-fase-3\\fiap-soat-application\\src\\core\\products\\entities\\value-objects\\product-stock.ts": {"lines":{"total":13,"covered":5,"skipped":0,"pct":38.46},"functions":{"total":4,"covered":2,"skipped":0,"pct":50},"statements":{"total":13,"covered":5,"skipped":0,"pct":38.46},"branches":{"total":8,"covered":2,"skipped":0,"pct":25}}
,"C:\\Users\\mmluc\\Desktop\\fiap-fase-3\\fiap-soat-application\\src\\core\\products\\operation\\controllers\\product-controller.ts": {"lines":{"total":29,"covered":29,"skipped":0,"pct":100},"functions":{"total":6,"covered":6,"skipped":0,"pct":100},"statements":{"total":29,"covered":29,"skipped":0,"pct":100},"branches":{"total":1,"covered":1,"skipped":0,"pct":100}}
,"C:\\Users\\mmluc\\Desktop\\fiap-fase-3\\fiap-soat-application\\src\\core\\products\\operation\\gateways\\product-gateway.ts": {"lines":{"total":8,"covered":8,"skipped":0,"pct":100},"functions":{"total":7,"covered":7,"skipped":0,"pct":100},"statements":{"total":8,"covered":8,"skipped":0,"pct":100},"branches":{"total":0,"covered":0,"skipped":0,"pct":100}}
,"C:\\Users\\mmluc\\Desktop\\fiap-fase-3\\fiap-soat-application\\src\\core\\products\\operation\\presenters\\product-id-presenter.ts": {"lines":{"total":3,"covered":3,"skipped":0,"pct":100},"functions":{"total":1,"covered":1,"skipped":0,"pct":100},"statements":{"total":3,"covered":3,"skipped":0,"pct":100},"branches":{"total":0,"covered":0,"skipped":0,"pct":100}}
,"C:\\Users\\mmluc\\Desktop\\fiap-fase-3\\fiap-soat-application\\src\\core\\products\\operation\\presenters\\product-presenter.ts": {"lines":{"total":5,"covered":5,"skipped":0,"pct":100},"functions":{"total":2,"covered":2,"skipped":0,"pct":100},"statements":{"total":6,"covered":6,"skipped":0,"pct":100},"branches":{"total":2,"covered":2,"skipped":0,"pct":100}}
,"C:\\Users\\mmluc\\Desktop\\fiap-fase-3\\fiap-soat-application\\src\\core\\products\\usecases\\product-usecase.ts": {"lines":{"total":13,"covered":10,"skipped":0,"pct":76.92},"functions":{"total":6,"covered":3,"skipped":0,"pct":50},"statements":{"total":13,"covered":10,"skipped":0,"pct":76.92},"branches":{"total":0,"covered":0,"skipped":0,"pct":100}}
,"C:\\Users\\mmluc\\Desktop\\fiap-fase-3\\fiap-soat-application\\src\\core\\products\\usecases\\commands\\create-product.usecase.ts": {"lines":{"total":6,"covered":6,"skipped":0,"pct":100},"functions":{"total":1,"covered":1,"skipped":0,"pct":100},"statements":{"total":6,"covered":6,"skipped":0,"pct":100},"branches":{"total":1,"covered":1,"skipped":0,"pct":100}}
,"C:\\Users\\mmluc\\Desktop\\fiap-fase-3\\fiap-soat-application\\src\\core\\products\\usecases\\commands\\delete-product.usecase.ts": {"lines":{"total":5,"covered":1,"skipped":0,"pct":20},"functions":{"total":1,"covered":0,"skipped":0,"pct":0},"statements":{"total":5,"covered":1,"skipped":0,"pct":20},"branches":{"total":1,"covered":0,"skipped":0,"pct":0}}
,"C:\\Users\\mmluc\\Desktop\\fiap-fase-3\\fiap-soat-application\\src\\core\\products\\usecases\\commands\\update-product.usecase.ts": {"lines":{"total":26,"covered":26,"skipped":0,"pct":100},"functions":{"total":1,"covered":1,"skipped":0,"pct":100},"statements":{"total":26,"covered":26,"skipped":0,"pct":100},"branches":{"total":14,"covered":13,"skipped":0,"pct":92.85}}
,"C:\\Users\\mmluc\\Desktop\\fiap-fase-3\\fiap-soat-application\\src\\core\\products\\usecases\\queries\\get-all-products.query.ts": {"lines":{"total":2,"covered":2,"skipped":0,"pct":100},"functions":{"total":1,"covered":1,"skipped":0,"pct":100},"statements":{"total":2,"covered":2,"skipped":0,"pct":100},"branches":{"total":0,"covered":0,"skipped":0,"pct":100}}
,"C:\\Users\\mmluc\\Desktop\\fiap-fase-3\\fiap-soat-application\\src\\core\\products\\usecases\\queries\\get-product-by-id.query.ts": {"lines":{"total":2,"covered":2,"skipped":0,"pct":100},"functions":{"total":1,"covered":1,"skipped":0,"pct":100},"statements":{"total":2,"covered":2,"skipped":0,"pct":100},"branches":{"total":0,"covered":0,"skipped":0,"pct":100}}
,"C:\\Users\\mmluc\\Desktop\\fiap-fase-3\\fiap-soat-application\\src\\core\\products\\usecases\\queries\\get-products-by-category.query.ts": {"lines":{"total":2,"covered":2,"skipped":0,"pct":100},"functions":{"total":1,"covered":1,"skipped":0,"pct":100},"statements":{"total":2,"covered":2,"skipped":0,"pct":100},"branches":{"total":0,"covered":0,"skipped":0,"pct":100}}
,"C:\\Users\\mmluc\\Desktop\\fiap-fase-3\\fiap-soat-application\\src\\external\\api\\api.module.ts": {"lines":{"total":10,"covered":0,"skipped":0,"pct":0},"functions":{"total":0,"covered":0,"skipped":0,"pct":100},"statements":{"total":12,"covered":0,"skipped":0,"pct":0},"branches":{"total":0,"covered":0,"skipped":0,"pct":100}}
,"C:\\Users\\mmluc\\Desktop\\fiap-fase-3\\fiap-soat-application\\src\\external\\api\\controllers\\health.controller.ts": {"lines":{"total":27,"covered":27,"skipped":0,"pct":100},"functions":{"total":3,"covered":3,"skipped":0,"pct":100},"statements":{"total":29,"covered":29,"skipped":0,"pct":100},"branches":{"total":34,"covered":17,"skipped":0,"pct":50}}
,"C:\\Users\\mmluc\\Desktop\\fiap-fase-3\\fiap-soat-application\\src\\external\\api\\controllers\\nestjs-categories.controller.ts": {"lines":{"total":9,"covered":0,"skipped":0,"pct":0},"functions":{"total":2,"covered":0,"skipped":0,"pct":0},"statements":{"total":11,"covered":0,"skipped":0,"pct":0},"branches":{"total":0,"covered":0,"skipped":0,"pct":100}}
,"C:\\Users\\mmluc\\Desktop\\fiap-fase-3\\fiap-soat-application\\src\\external\\api\\controllers\\nestjs-customer.controller.ts": {"lines":{"total":15,"covered":0,"skipped":0,"pct":0},"functions":{"total":4,"covered":0,"skipped":0,"pct":0},"statements":{"total":17,"covered":0,"skipped":0,"pct":0},"branches":{"total":0,"covered":0,"skipped":0,"pct":100}}
,"C:\\Users\\mmluc\\Desktop\\fiap-fase-3\\fiap-soat-application\\src\\external\\api\\controllers\\nestjs-orders.controller.ts": {"lines":{"total":71,"covered":51,"skipped":0,"pct":71.83},"functions":{"total":9,"covered":8,"skipped":0,"pct":88.88},"statements":{"total":73,"covered":53,"skipped":0,"pct":72.6},"branches":{"total":11,"covered":5,"skipped":0,"pct":45.45}}
,"C:\\Users\\mmluc\\Desktop\\fiap-fase-3\\fiap-soat-application\\src\\external\\api\\controllers\\nestjs-products.controller.ts": {"lines":{"total":49,"covered":42,"skipped":0,"pct":85.71},"functions":{"total":6,"covered":6,"skipped":0,"pct":100},"statements":{"total":51,"covered":44,"skipped":0,"pct":86.27},"branches":{"total":7,"covered":6,"skipped":0,"pct":85.71}}
,"C:\\Users\\mmluc\\Desktop\\fiap-fase-3\\fiap-soat-application\\src\\external\\api\\controllers\\nestjs-webhook.controller.ts": {"lines":{"total":29,"covered":25,"skipped":0,"pct":86.2},"functions":{"total":2,"covered":2,"skipped":0,"pct":100},"statements":{"total":31,"covered":27,"skipped":0,"pct":87.09},"branches":{"total":9,"covered":8,"skipped":0,"pct":88.88}}
,"C:\\Users\\mmluc\\Desktop\\fiap-fase-3\\fiap-soat-application\\src\\external\\api\\dtos\\create-customer.dto.ts": {"lines":{"total":6,"covered":0,"skipped":0,"pct":0},"functions":{"total":0,"covered":0,"skipped":0,"pct":100},"statements":{"total":6,"covered":0,"skipped":0,"pct":0},"branches":{"total":0,"covered":0,"skipped":0,"pct":100}}
,"C:\\Users\\mmluc\\Desktop\\fiap-fase-3\\fiap-soat-application\\src\\external\\api\\dtos\\create-product.dto.ts": {"lines":{"total":9,"covered":9,"skipped":0,"pct":100},"functions":{"total":0,"covered":0,"skipped":0,"pct":100},"statements":{"total":9,"covered":9,"skipped":0,"pct":100},"branches":{"total":0,"covered":0,"skipped":0,"pct":100}}
,"C:\\Users\\mmluc\\Desktop\\fiap-fase-3\\fiap-soat-application\\src\\external\\api\\dtos\\get-orders-query.dto.ts": {"lines":{"total":5,"covered":0,"skipped":0,"pct":0},"functions":{"total":0,"covered":0,"skipped":0,"pct":100},"statements":{"total":5,"covered":0,"skipped":0,"pct":0},"branches":{"total":0,"covered":0,"skipped":0,"pct":100}}
,"C:\\Users\\mmluc\\Desktop\\fiap-fase-3\\fiap-soat-application\\src\\external\\api\\dtos\\update-product.dto.ts": {"lines":{"total":3,"covered":3,"skipped":0,"pct":100},"functions":{"total":0,"covered":0,"skipped":0,"pct":100},"statements":{"total":3,"covered":3,"skipped":0,"pct":100},"branches":{"total":0,"covered":0,"skipped":0,"pct":100}}
,"C:\\Users\\mmluc\\Desktop\\fiap-fase-3\\fiap-soat-application\\src\\external\\database\\database.module.ts": {"lines":{"total":17,"covered":0,"skipped":0,"pct":0},"functions":{"total":0,"covered":0,"skipped":0,"pct":100},"statements":{"total":19,"covered":0,"skipped":0,"pct":0},"branches":{"total":0,"covered":0,"skipped":0,"pct":100}}
,"C:\\Users\\mmluc\\Desktop\\fiap-fase-3\\fiap-soat-application\\src\\external\\database\\entities\\category.entity.ts": {"lines":{"total":4,"covered":4,"skipped":0,"pct":100},"functions":{"total":0,"covered":0,"skipped":0,"pct":100},"statements":{"total":6,"covered":6,"skipped":0,"pct":100},"branches":{"total":0,"covered":0,"skipped":0,"pct":100}}
,"C:\\Users\\mmluc\\Desktop\\fiap-fase-3\\fiap-soat-application\\src\\external\\database\\entities\\customer.entity.ts": {"lines":{"total":8,"covered":8,"skipped":0,"pct":100},"functions":{"total":0,"covered":0,"skipped":0,"pct":100},"statements":{"total":10,"covered":10,"skipped":0,"pct":100},"branches":{"total":0,"covered":0,"skipped":0,"pct":100}}
,"C:\\Users\\mmluc\\Desktop\\fiap-fase-3\\fiap-soat-application\\src\\external\\database\\entities\\order-item.entity.ts": {"lines":{"total":15,"covered":14,"skipped":0,"pct":93.33},"functions":{"total":2,"covered":0,"skipped":0,"pct":0},"statements":{"total":18,"covered":16,"skipped":0,"pct":88.88},"branches":{"total":0,"covered":0,"skipped":0,"pct":100}}
,"C:\\Users\\mmluc\\Desktop\\fiap-fase-3\\fiap-soat-application\\src\\external\\database\\entities\\order.entity.ts": {"lines":{"total":13,"covered":12,"skipped":0,"pct":92.3},"functions":{"total":2,"covered":0,"skipped":0,"pct":0},"statements":{"total":16,"covered":14,"skipped":0,"pct":87.5},"branches":{"total":0,"covered":0,"skipped":0,"pct":100}}
,"C:\\Users\\mmluc\\Desktop\\fiap-fase-3\\fiap-soat-application\\src\\external\\database\\entities\\product.entity.ts": {"lines":{"total":11,"covered":11,"skipped":0,"pct":100},"functions":{"total":0,"covered":0,"skipped":0,"pct":100},"statements":{"total":13,"covered":13,"skipped":0,"pct":100},"branches":{"total":0,"covered":0,"skipped":0,"pct":100}}
,"C:\\Users\\mmluc\\Desktop\\fiap-fase-3\\fiap-soat-application\\src\\external\\database\\mappers\\category.mapper.ts": {"lines":{"total":4,"covered":4,"skipped":0,"pct":100},"functions":{"total":1,"covered":1,"skipped":0,"pct":100},"statements":{"total":4,"covered":4,"skipped":0,"pct":100},"branches":{"total":0,"covered":0,"skipped":0,"pct":100}}
,"C:\\Users\\mmluc\\Desktop\\fiap-fase-3\\fiap-soat-application\\src\\external\\database\\mappers\\customer.mapper.ts": {"lines":{"total":12,"covered":12,"skipped":0,"pct":100},"functions":{"total":2,"covered":2,"skipped":0,"pct":100},"statements":{"total":12,"covered":12,"skipped":0,"pct":100},"branches":{"total":0,"covered":0,"skipped":0,"pct":100}}
,"C:\\Users\\mmluc\\Desktop\\fiap-fase-3\\fiap-soat-application\\src\\external\\database\\mappers\\order.mapper.ts": {"lines":{"total":36,"covered":36,"skipped":0,"pct":100},"functions":{"total":4,"covered":4,"skipped":0,"pct":100},"statements":{"total":36,"covered":36,"skipped":0,"pct":100},"branches":{"total":10,"covered":10,"skipped":0,"pct":100}}
,"C:\\Users\\mmluc\\Desktop\\fiap-fase-3\\fiap-soat-application\\src\\external\\database\\mappers\\product.mapper.ts": {"lines":{"total":25,"covered":25,"skipped":0,"pct":100},"functions":{"total":2,"covered":2,"skipped":0,"pct":100},"statements":{"total":25,"covered":25,"skipped":0,"pct":100},"branches":{"total":11,"covered":10,"skipped":0,"pct":90.9}}
,"C:\\Users\\mmluc\\Desktop\\fiap-fase-3\\fiap-soat-application\\src\\external\\database\\repositories\\category.repository.ts": {"lines":{"total":14,"covered":14,"skipped":0,"pct":100},"functions":{"total":4,"covered":4,"skipped":0,"pct":100},"statements":{"total":16,"covered":16,"skipped":0,"pct":100},"branches":{"total":0,"covered":0,"skipped":0,"pct":100}}
,"C:\\Users\\mmluc\\Desktop\\fiap-fase-3\\fiap-soat-application\\src\\external\\database\\repositories\\customer.repository.ts": {"lines":{"total":21,"covered":20,"skipped":0,"pct":95.23},"functions":{"total":7,"covered":7,"skipped":0,"pct":100},"statements":{"total":24,"covered":23,"skipped":0,"pct":95.83},"branches":{"total":2,"covered":1,"skipped":0,"pct":50}}
,"C:\\Users\\mmluc\\Desktop\\fiap-fase-3\\fiap-soat-application\\src\\external\\database\\repositories\\order.repository.ts": {"lines":{"total":20,"covered":20,"skipped":0,"pct":100},"functions":{"total":7,"covered":7,"skipped":0,"pct":100},"statements":{"total":22,"covered":22,"skipped":0,"pct":100},"branches":{"total":2,"covered":2,"skipped":0,"pct":100}}
,"C:\\Users\\mmluc\\Desktop\\fiap-fase-3\\fiap-soat-application\\src\\external\\database\\repositories\\product.repository.ts": {"lines":{"total":23,"covered":23,"skipped":0,"pct":100},"functions":{"total":8,"covered":8,"skipped":0,"pct":100},"statements":{"total":25,"covered":25,"skipped":0,"pct":100},"branches":{"total":1,"covered":1,"skipped":0,"pct":100}}
,"C:\\Users\\mmluc\\Desktop\\fiap-fase-3\\fiap-soat-application\\src\\external\\gateways\\mercadopago\\mercadopago.gateway.ts": {"lines":{"total":9,"covered":9,"skipped":0,"pct":100},"functions":{"total":4,"covered":4,"skipped":0,"pct":100},"statements":{"total":11,"covered":11,"skipped":0,"pct":100},"branches":{"total":0,"covered":0,"skipped":0,"pct":100}}
,"C:\\Users\\mmluc\\Desktop\\fiap-fase-3\\fiap-soat-application\\src\\external\\providers\\mercadopago-simple.service.ts": {"lines":{"total":27,"covered":21,"skipped":0,"pct":77.77},"functions":{"total":4,"covered":4,"skipped":0,"pct":100},"statements":{"total":29,"covered":23,"skipped":0,"pct":79.31},"branches":{"total":4,"covered":1,"skipped":0,"pct":25}}
,"C:\\Users\\mmluc\\Desktop\\fiap-fase-3\\fiap-soat-application\\src\\external\\providers\\mercadopago.service.ts": {"lines":{"total":33,"covered":22,"skipped":0,"pct":66.66},"functions":{"total":4,"covered":3,"skipped":0,"pct":75},"statements":{"total":35,"covered":24,"skipped":0,"pct":68.57},"branches":{"total":8,"covered":5,"skipped":0,"pct":62.5}}
,"C:\\Users\\mmluc\\Desktop\\fiap-fase-3\\fiap-soat-application\\src\\external\\providers\\providers.module.ts": {"lines":{"total":7,"covered":0,"skipped":0,"pct":0},"functions":{"total":0,"covered":0,"skipped":0,"pct":100},"statements":{"total":9,"covered":0,"skipped":0,"pct":0},"branches":{"total":0,"covered":0,"skipped":0,"pct":100}}
,"C:\\Users\\mmluc\\Desktop\\fiap-fase-3\\fiap-soat-application\\src\\external\\providers\\uuid-generator\\uuid-generator.ts": {"lines":{"total":3,"covered":0,"skipped":0,"pct":0},"functions":{"total":1,"covered":0,"skipped":0,"pct":0},"statements":{"total":3,"covered":0,"skipped":0,"pct":0},"branches":{"total":0,"covered":0,"skipped":0,"pct":100}}
,"C:\\Users\\mmluc\\Desktop\\fiap-fase-3\\fiap-soat-application\\src\\interfaces\\category-datasource.ts": {"lines":{"total":1,"covered":1,"skipped":0,"pct":100},"functions":{"total":0,"covered":0,"skipped":0,"pct":100},"statements":{"total":1,"covered":1,"skipped":0,"pct":100},"branches":{"total":0,"covered":0,"skipped":0,"pct":100}}
,"C:\\Users\\mmluc\\Desktop\\fiap-fase-3\\fiap-soat-application\\src\\interfaces\\customer-datasource.ts": {"lines":{"total":1,"covered":0,"skipped":0,"pct":0},"functions":{"total":0,"covered":0,"skipped":0,"pct":100},"statements":{"total":1,"covered":0,"skipped":0,"pct":0},"branches":{"total":0,"covered":0,"skipped":0,"pct":100}}
,"C:\\Users\\mmluc\\Desktop\\fiap-fase-3\\fiap-soat-application\\src\\interfaces\\id-generator.ts": {"lines":{"total":1,"covered":1,"skipped":0,"pct":100},"functions":{"total":0,"covered":0,"skipped":0,"pct":100},"statements":{"total":1,"covered":1,"skipped":0,"pct":100},"branches":{"total":0,"covered":0,"skipped":0,"pct":100}}
,"C:\\Users\\mmluc\\Desktop\\fiap-fase-3\\fiap-soat-application\\src\\interfaces\\order-datasource.ts": {"lines":{"total":1,"covered":1,"skipped":0,"pct":100},"functions":{"total":0,"covered":0,"skipped":0,"pct":100},"statements":{"total":1,"covered":1,"skipped":0,"pct":100},"branches":{"total":0,"covered":0,"skipped":0,"pct":100}}
,"C:\\Users\\mmluc\\Desktop\\fiap-fase-3\\fiap-soat-application\\src\\interfaces\\product-datasource.ts": {"lines":{"total":1,"covered":1,"skipped":0,"pct":100},"functions":{"total":0,"covered":0,"skipped":0,"pct":100},"statements":{"total":1,"covered":1,"skipped":0,"pct":100},"branches":{"total":0,"covered":0,"skipped":0,"pct":100}}
}
