TN:
SF:src\app.module.ts
FNF:0
FNH:0
DA:1,0
DA:2,0
DA:3,0
DA:4,0
DA:14,0
LF:5
LH:0
BRF:0
BRH:0
end_of_record
TN:
SF:src\main.ts
FN:10,validateEnvironment
FN:20,(anonymous_1)
FN:24,(anonymous_2)
FN:34,bootstrap
FNF:4
FNH:0
FNDA:0,validateEnvironment
FNDA:0,(anonymous_1)
FNDA:0,(anonymous_2)
FNDA:0,bootstrap
DA:1,0
DA:2,0
DA:3,0
DA:4,0
DA:11,0
DA:20,0
DA:22,0
DA:23,0
DA:24,0
DA:25,0
DA:26,0
DA:29,0
DA:30,0
DA:31,0
DA:36,0
DA:38,0
DA:40,0
DA:47,0
DA:53,0
DA:54,0
DA:56,0
DA:57,0
DA:59,0
DA:60,0
DA:62,0
LF:25
LH:0
BRDA:22,0,0,0
BRDA:56,1,0,0
BRDA:56,1,1,0
BRF:3
BRH:0
end_of_record
TN:
SF:src\config\database.config.ts
FN:7,(anonymous_0)
FN:17,(anonymous_1)
FN:37,(anonymous_2)
FN:45,(anonymous_3)
FN:56,(anonymous_4)
FNF:5
FNH:0
FNDA:0,(anonymous_0)
FNDA:0,(anonymous_1)
FNDA:0,(anonymous_2)
FNDA:0,(anonymous_3)
FNDA:0,(anonymous_4)
DA:1,0
DA:7,0
DA:9,0
DA:17,0
DA:18,0
DA:19,0
DA:24,0
DA:37,0
DA:45,0
DA:56,0
DA:57,0
DA:58,0
DA:59,0
DA:60,0
DA:61,0
DA:62,0
DA:65,0
DA:66,0
DA:69,0
LF:19
LH:0
BRDA:18,0,0,0
BRDA:38,1,0,0
BRDA:38,1,1,0
BRDA:39,2,0,0
BRDA:39,2,1,0
BRDA:46,3,0,0
BRDA:46,3,1,0
BRDA:65,4,0,0
BRDA:65,5,0,0
BRDA:65,5,1,0
BRDA:65,5,2,0
BRDA:65,5,3,0
BRDA:65,5,4,0
BRDA:78,6,0,0
BRDA:78,6,1,0
BRDA:84,7,0,0
BRDA:84,7,1,0
BRDA:90,8,0,0
BRDA:90,8,1,0
BRDA:93,9,0,0
BRDA:93,9,1,0
BRF:21
BRH:0
end_of_record
TN:
SF:src\core\categories\entities\category.errors.ts
FN:3,(anonymous_0)
FNF:1
FNH:0
FNDA:0,(anonymous_0)
DA:2,0
DA:4,0
DA:5,0
LF:3
LH:0
BRF:0
BRH:0
end_of_record
TN:
SF:src\core\categories\entities\category.ts
FN:2,(anonymous_0)
FNF:1
FNH:1
FNDA:13,(anonymous_0)
DA:1,8
DA:3,13
DA:4,13
LF:3
LH:3
BRF:0
BRH:0
end_of_record
TN:
SF:src\core\categories\operation\controllers\categories-controller.ts
FN:7,(anonymous_0)
FNF:1
FNH:1
FNDA:3,(anonymous_0)
DA:2,1
DA:3,1
DA:4,1
DA:6,1
DA:8,3
DA:10,3
DA:12,3
LF:7
LH:7
BRF:0
BRH:0
end_of_record
TN:
SF:src\core\categories\operation\gateways\categories-gateway.ts
FN:7,(anonymous_0)
FN:11,(anonymous_1)
FN:15,(anonymous_2)
FNF:3
FNH:3
FNDA:6,(anonymous_0)
FNDA:4,(anonymous_1)
FNDA:1,(anonymous_2)
DA:4,4
DA:8,6
DA:12,4
DA:16,1
LF:4
LH:4
BRF:0
BRH:0
end_of_record
TN:
SF:src\core\categories\operation\presenters\categories-presenter.ts
FN:5,(anonymous_0)
FN:7,(anonymous_1)
FNF:2
FNH:2
FNDA:5,(anonymous_0)
FNDA:4,(anonymous_1)
DA:4,2
DA:6,5
DA:7,4
DA:11,3
DA:13,2
LF:5
LH:5
BRDA:6,0,0,3
BRDA:6,0,1,2
BRF:2
BRH:2
end_of_record
TN:
SF:src\core\categories\usecases\category-usecase.ts
FN:4,(anonymous_0)
FNF:1
FNH:1
FNDA:5,(anonymous_0)
DA:3,2
DA:5,5
LF:2
LH:2
BRF:0
BRH:0
end_of_record
TN:
SF:src\core\common\dtos\category.dto.ts
FNF:0
FNH:0
DA:1,0
LF:1
LH:0
BRF:0
BRH:0
end_of_record
TN:
SF:src\core\common\dtos\customer-id.dto.ts
FNF:0
FNH:0
DA:1,0
LF:1
LH:0
BRF:0
BRH:0
end_of_record
TN:
SF:src\core\common\dtos\customer.dto.ts
FNF:0
FNH:0
DA:1,0
LF:1
LH:0
BRF:0
BRH:0
end_of_record
TN:
SF:src\core\common\dtos\product-id.dto.ts
FNF:0
FNH:0
DA:1,1
LF:1
LH:1
BRF:0
BRH:0
end_of_record
TN:
SF:src\core\common\dtos\product.dto.ts
FNF:0
FNH:0
DA:1,1
LF:1
LH:1
BRF:0
BRH:0
end_of_record
TN:
SF:src\core\common\exceptions\exception.base.ts
FN:4,(anonymous_0)
FN:12,(anonymous_1)
FNF:2
FNH:0
FNDA:0,(anonymous_0)
FNDA:0,(anonymous_1)
DA:1,0
DA:5,0
DA:6,0
DA:8,0
DA:9,0
DA:13,0
LF:6
LH:0
BRF:0
BRH:0
end_of_record
TN:
SF:src\core\customers\entities\customer.ts
FN:2,(anonymous_0)
FN:13,(anonymous_1)
FN:17,(anonymous_2)
FN:21,(anonymous_3)
FN:25,(anonymous_4)
FN:29,(anonymous_5)
FN:33,(anonymous_6)
FN:38,(anonymous_7)
FN:43,(anonymous_8)
FN:48,(anonymous_9)
FNF:10
FNH:6
FNDA:12,(anonymous_0)
FNDA:4,(anonymous_1)
FNDA:5,(anonymous_2)
FNDA:4,(anonymous_3)
FNDA:2,(anonymous_4)
FNDA:2,(anonymous_5)
FNDA:0,(anonymous_6)
FNDA:0,(anonymous_7)
FNDA:0,(anonymous_8)
FNDA:0,(anonymous_9)
DA:1,7
DA:3,12
DA:4,12
DA:5,12
DA:6,12
DA:7,12
DA:8,12
DA:14,4
DA:18,5
DA:22,4
DA:26,2
DA:30,2
DA:34,0
DA:35,0
DA:39,0
DA:40,0
DA:44,0
DA:45,0
DA:49,0
LF:19
LH:12
BRF:0
BRH:0
end_of_record
TN:
SF:src\core\customers\entities\factories\customer.factory.ts
FN:7,(anonymous_1)
FNF:1
FNH:1
FNDA:1,(anonymous_1)
DA:1,1
DA:2,1
DA:3,1
DA:6,1
DA:12,1
DA:14,1
LF:6
LH:6
BRF:0
BRH:0
end_of_record
TN:
SF:src\core\customers\entities\read-models\customer.read-model.ts
FNF:0
FNH:0
DA:1,0
DA:3,0
DA:8,0
DA:14,0
DA:20,0
DA:26,0
LF:6
LH:0
BRF:0
BRH:0
end_of_record
TN:
SF:src\core\customers\operation\controllers\customers-controller.ts
FN:13,(anonymous_0)
FN:21,(anonymous_1)
FN:33,(anonymous_2)
FNF:3
FNH:0
FNDA:0,(anonymous_0)
FNDA:0,(anonymous_1)
FNDA:0,(anonymous_2)
DA:2,0
DA:3,0
DA:4,0
DA:5,0
DA:8,0
DA:9,0
DA:10,0
DA:12,0
DA:14,0
DA:16,0
DA:18,0
DA:22,0
DA:24,0
DA:26,0
DA:27,0
DA:30,0
DA:34,0
DA:36,0
DA:38,0
LF:19
LH:0
BRDA:26,0,0,0
BRF:1
BRH:0
end_of_record
TN:
SF:src\core\customers\operation\gateways\customers-gateway.ts
FN:7,(anonymous_0)
FN:11,(anonymous_1)
FN:15,(anonymous_2)
FN:19,(anonymous_3)
FN:23,(anonymous_4)
FN:27,(anonymous_5)
FNF:6
FNH:6
FNDA:1,(anonymous_0)
FNDA:1,(anonymous_1)
FNDA:1,(anonymous_2)
FNDA:1,(anonymous_3)
FNDA:1,(anonymous_4)
FNDA:1,(anonymous_5)
DA:4,1
DA:8,1
DA:12,1
DA:16,1
DA:20,1
DA:24,1
DA:28,1
LF:7
LH:7
BRF:0
BRH:0
end_of_record
TN:
SF:src\core\customers\operation\presenters\customer-id-presenter.ts
FN:5,(anonymous_0)
FNF:1
FNH:1
FNDA:1,(anonymous_0)
DA:4,1
DA:6,1
DA:7,1
LF:3
LH:3
BRF:0
BRH:0
end_of_record
TN:
SF:src\core\customers\operation\presenters\customers-presenter.ts
FN:5,(anonymous_0)
FN:7,(anonymous_1)
FNF:2
FNH:2
FNDA:2,(anonymous_0)
FNDA:1,(anonymous_1)
DA:4,1
DA:6,2
DA:7,1
DA:13,1
DA:15,1
LF:5
LH:5
BRDA:6,0,0,1
BRDA:6,0,1,1
BRF:2
BRH:2
end_of_record
TN:
SF:src\core\customers\operation\presenters\get-customer-presenter.ts
FN:5,(anonymous_0)
FNF:1
FNH:1
FNDA:1,(anonymous_0)
DA:4,1
DA:6,1
DA:12,1
LF:3
LH:3
BRF:0
BRH:0
end_of_record
TN:
SF:src\core\customers\usecases\index.ts
FN:2,(anonymous_0)
FN:3,(anonymous_1)
FN:4,(anonymous_2)
FN:7,(anonymous_3)
FN:8,(anonymous_4)
FN:9,(anonymous_5)
FNF:6
FNH:0
FNDA:0,(anonymous_0)
FNDA:0,(anonymous_1)
FNDA:0,(anonymous_2)
FNDA:0,(anonymous_3)
FNDA:0,(anonymous_4)
FNDA:0,(anonymous_5)
DA:2,0
DA:3,0
DA:4,0
DA:7,0
DA:8,0
DA:9,0
LF:6
LH:0
BRF:0
BRH:0
end_of_record
TN:
SF:src\core\customers\usecases\commands\create-customer.usecase.ts
FN:12,(anonymous_0)
FNF:1
FNH:1
FNDA:2,(anonymous_0)
DA:3,1
DA:11,1
DA:18,2
DA:19,2
DA:20,1
DA:24,1
DA:25,1
DA:32,1
LF:8
LH:8
BRDA:19,0,0,1
BRF:1
BRH:1
end_of_record
TN:
SF:src\core\customers\usecases\commands\delete-customer.usecase.ts
FN:4,(anonymous_0)
FNF:1
FNH:1
FNDA:2,(anonymous_0)
DA:3,1
DA:10,2
DA:11,2
DA:12,1
DA:16,1
LF:5
LH:5
BRDA:11,0,0,1
BRF:1
BRH:1
end_of_record
TN:
SF:src\core\customers\usecases\commands\update-customer.usecase.ts
FN:12,(anonymous_0)
FNF:1
FNH:1
FNDA:3,(anonymous_0)
DA:11,1
DA:18,3
DA:19,3
DA:20,1
DA:24,2
DA:25,1
DA:26,1
DA:27,1
DA:32,1
DA:33,1
DA:35,1
DA:36,1
DA:38,1
DA:39,1
DA:43,1
LF:15
LH:15
BRDA:19,0,0,1
BRDA:24,1,0,1
BRDA:24,2,0,2
BRDA:24,2,1,2
BRDA:26,3,0,1
BRDA:26,4,0,1
BRDA:26,4,1,1
BRDA:32,5,0,1
BRDA:35,6,0,1
BRDA:38,7,0,1
BRF:10
BRH:10
end_of_record
TN:
SF:src\core\customers\usecases\queries\get-all-customers.query.ts
FN:5,(anonymous_0)
FNF:1
FNH:0
FNDA:0,(anonymous_0)
DA:4,0
DA:8,0
LF:2
LH:0
BRF:0
BRH:0
end_of_record
TN:
SF:src\core\customers\usecases\queries\get-customer-by-cpf.query.ts
FN:5,(anonymous_0)
FNF:1
FNH:0
FNDA:0,(anonymous_0)
DA:4,0
DA:9,0
LF:2
LH:0
BRF:0
BRH:0
end_of_record
TN:
SF:src\core\customers\usecases\queries\get-customer-by-id.query.ts
FN:5,(anonymous_0)
FNF:1
FNH:0
FNDA:0,(anonymous_0)
DA:4,0
DA:9,0
LF:2
LH:0
BRF:0
BRH:0
end_of_record
TN:
SF:src\core\orders\entities\order-item.ts
FN:2,(anonymous_0)
FN:12,(anonymous_1)
FNF:2
FNH:2
FNDA:7,(anonymous_0)
FNDA:2,(anonymous_1)
DA:1,4
DA:3,7
DA:4,7
DA:5,7
DA:6,7
DA:7,7
DA:8,7
DA:9,7
DA:13,2
LF:9
LH:9
BRF:0
BRH:0
end_of_record
TN:
SF:src\core\orders\entities\order-status.ts
FN:2,(anonymous_0)
FN:6,(anonymous_1)
FNF:2
FNH:1
FNDA:47,(anonymous_0)
FNDA:0,(anonymous_1)
DA:1,13
DA:3,47
DA:7,0
LF:3
LH:2
BRF:0
BRH:0
end_of_record
TN:
SF:src\core\orders\entities\order.ts
FN:13,(anonymous_0)
FN:15,(anonymous_1)
FN:19,(anonymous_2)
FN:20,(anonymous_3)
FN:23,(anonymous_4)
FN:30,(anonymous_5)
FN:34,(anonymous_6)
FN:41,(anonymous_7)
FN:45,(anonymous_8)
FN:52,(anonymous_9)
FN:56,(anonymous_10)
FN:63,(anonymous_11)
FN:67,(anonymous_12)
FN:71,(anonymous_13)
FN:75,(anonymous_14)
FN:79,(anonymous_15)
FN:83,(anonymous_16)
FN:87,(anonymous_17)
FNF:18
FNH:9
FNDA:40,(anonymous_0)
FNDA:0,(anonymous_1)
FNDA:2,(anonymous_2)
FNDA:1,(anonymous_3)
FNDA:0,(anonymous_4)
FNDA:0,(anonymous_5)
FNDA:0,(anonymous_6)
FNDA:0,(anonymous_7)
FNDA:0,(anonymous_8)
FNDA:0,(anonymous_9)
FNDA:0,(anonymous_10)
FNDA:4,(anonymous_11)
FNDA:4,(anonymous_12)
FNDA:4,(anonymous_13)
FNDA:5,(anonymous_14)
FNDA:5,(anonymous_15)
FNDA:5,(anonymous_16)
FNDA:0,(anonymous_17)
DA:2,11
DA:4,11
DA:5,40
DA:9,40
DA:10,40
DA:11,40
DA:13,40
DA:16,0
DA:20,2
DA:24,0
DA:25,0
DA:26,0
DA:27,0
DA:31,0
DA:35,0
DA:36,0
DA:38,0
DA:42,0
DA:46,0
DA:47,0
DA:49,0
DA:53,0
DA:57,0
DA:58,0
DA:60,0
DA:64,4
DA:68,4
DA:72,4
DA:76,5
DA:80,5
DA:84,5
DA:88,0
DA:89,0
DA:90,0
LF:34
LH:14
BRDA:35,0,0,0
BRDA:46,1,0,0
BRDA:57,2,0,0
BRF:3
BRH:0
end_of_record
TN:
SF:src\core\orders\entities\factories\orders.factory.ts
FN:10,(anonymous_1)
FN:20,(anonymous_2)
FNF:2
FNH:0
FNDA:0,(anonymous_1)
FNDA:0,(anonymous_2)
DA:1,1
DA:2,1
DA:3,1
DA:4,1
DA:5,1
DA:9,1
DA:14,0
DA:15,0
DA:16,0
DA:17,0
DA:19,0
DA:21,0
DA:31,0
DA:32,0
LF:14
LH:6
BRDA:16,0,0,0
BRDA:16,0,1,0
BRF:2
BRH:0
end_of_record
TN:
SF:src\core\orders\enums\order-status-filter.enum.ts
FN:1,(anonymous_0)
FNF:1
FNH:1
FNDA:3,(anonymous_0)
DA:1,3
DA:2,3
DA:3,3
DA:4,3
DA:5,3
DA:6,3
DA:7,3
DA:10,3
LF:8
LH:8
BRDA:1,0,0,3
BRDA:1,0,1,3
BRF:2
BRH:2
end_of_record
TN:
SF:src\core\orders\operation\controllers\orders-controller.ts
FN:17,(anonymous_0)
FN:36,(anonymous_1)
FN:47,(anonymous_2)
FN:53,(anonymous_3)
FN:59,(anonymous_4)
FN:64,(anonymous_5)
FNF:6
FNH:6
FNDA:1,(anonymous_0)
FNDA:2,(anonymous_1)
FNDA:1,(anonymous_2)
FNDA:1,(anonymous_3)
FNDA:1,(anonymous_4)
FNDA:1,(anonymous_5)
DA:2,2
DA:3,2
DA:4,2
DA:5,2
DA:6,2
DA:7,2
DA:8,2
DA:9,2
DA:10,2
DA:11,2
DA:16,2
DA:23,1
DA:24,1
DA:26,1
DA:33,1
DA:37,2
DA:38,2
DA:40,2
DA:41,1
DA:44,1
DA:48,1
DA:49,1
DA:50,1
DA:54,1
DA:55,1
DA:56,1
DA:60,1
DA:61,1
DA:68,1
DA:70,1
DA:75,1
LF:31
LH:31
BRDA:40,0,0,1
BRF:1
BRH:1
end_of_record
TN:
SF:src\core\orders\operation\gateways\orders-gateway.ts
FN:7,(anonymous_0)
FN:11,(anonymous_1)
FN:15,(anonymous_2)
FN:19,(anonymous_3)
FN:23,(anonymous_4)
FN:27,(anonymous_5)
FNF:6
FNH:6
FNDA:9,(anonymous_0)
FNDA:1,(anonymous_1)
FNDA:1,(anonymous_2)
FNDA:1,(anonymous_3)
FNDA:1,(anonymous_4)
FNDA:1,(anonymous_5)
DA:4,4
DA:8,9
DA:12,1
DA:16,1
DA:20,1
DA:24,1
DA:28,1
LF:7
LH:7
BRF:0
BRH:0
end_of_record
TN:
SF:src\core\orders\operation\presenters\orders-id-presenter.ts
FN:5,(anonymous_0)
FNF:1
FNH:1
FNDA:2,(anonymous_0)
DA:4,3
DA:6,2
LF:2
LH:2
BRF:0
BRH:0
end_of_record
TN:
SF:src\core\orders\operation\presenters\orders-presenter.ts
FN:5,(anonymous_0)
FN:11,(anonymous_1)
FN:27,(anonymous_2)
FN:28,(anonymous_3)
FNF:4
FNH:4
FNDA:6,(anonymous_0)
FNDA:5,(anonymous_1)
FNDA:3,(anonymous_2)
FNDA:3,(anonymous_3)
DA:4,3
DA:6,6
DA:11,5
DA:28,3
LF:4
LH:4
BRF:0
BRH:0
end_of_record
TN:
SF:src\core\orders\usecases\payment-receive.event.ts
FN:2,(anonymous_0)
FNF:1
FNH:0
FNDA:0,(anonymous_0)
DA:1,0
DA:3,0
DA:4,0
DA:5,0
DA:6,0
LF:5
LH:0
BRF:0
BRH:0
end_of_record
TN:
SF:src\core\orders\usecases\commands\create-order.usecase.ts
FN:15,(anonymous_0)
FN:23,(anonymous_1)
FN:31,(anonymous_2)
FN:32,(anonymous_3)
FNF:4
FNH:4
FNDA:5,(anonymous_0)
FNDA:7,(anonymous_1)
FNDA:4,(anonymous_2)
FNDA:5,(anonymous_3)
DA:14,3
DA:23,7
DA:24,5
DA:26,5
DA:27,2
DA:31,3
DA:32,5
DA:33,4
DA:34,0
DA:37,4
DA:45,3
DA:48,3
LF:12
LH:11
BRDA:26,0,0,2
BRDA:33,1,0,0
BRDA:40,2,0,4
BRDA:40,2,1,0
BRF:4
BRH:2
end_of_record
TN:
SF:src\core\orders\usecases\commands\update-order-status.usecase.ts
FN:11,(anonymous_0)
FN:35,(anonymous_1)
FNF:2
FNH:2
FNDA:9,(anonymous_0)
FNDA:8,(anonymous_1)
DA:3,3
DA:10,3
DA:17,9
DA:18,9
DA:19,1
DA:22,8
DA:23,8
DA:26,8
DA:29,5
DA:32,5
DA:39,8
DA:42,2
DA:43,1
DA:45,1
DA:49,2
DA:50,1
DA:52,1
DA:56,2
DA:57,1
DA:59,1
DA:63,2
DA:64,0
DA:66,2
DA:70,0
DA:73,0
LF:25
LH:22
BRDA:18,0,0,1
BRDA:39,1,0,2
BRDA:39,1,1,2
BRDA:39,1,2,2
BRDA:39,1,3,2
BRDA:39,1,4,0
BRDA:39,1,5,0
BRDA:42,2,0,1
BRDA:49,3,0,1
BRDA:56,4,0,1
BRDA:63,5,0,0
BRF:11
BRH:8
end_of_record
TN:
SF:src\core\orders\usecases\events\payment-received.handler.ts
FN:12,(anonymous_0)
FNF:1
FNH:0
FNDA:0,(anonymous_0)
DA:2,1
DA:11,1
DA:17,0
DA:20,0
DA:21,0
DA:22,0
DA:26,0
DA:27,0
DA:31,0
DA:32,0
DA:36,0
DA:43,0
DA:46,0
DA:48,0
LF:14
LH:2
BRDA:21,0,0,0
BRDA:26,1,0,0
BRDA:31,2,0,0
BRF:3
BRH:0
end_of_record
TN:
SF:src\core\orders\usecases\queries\get-kitchen-orders.query.ts
FN:5,(anonymous_0)
FNF:1
FNH:0
FNDA:0,(anonymous_0)
DA:4,2
DA:14,0
DA:15,0
DA:16,0
DA:20,0
LF:5
LH:1
BRF:0
BRH:0
end_of_record
TN:
SF:src\core\orders\usecases\queries\get-order-by-id.query.ts
FN:5,(anonymous_0)
FNF:1
FNH:1
FNDA:5,(anonymous_0)
DA:4,3
DA:9,5
LF:2
LH:2
BRF:0
BRH:0
end_of_record
TN:
SF:src\core\orders\usecases\queries\get-order-payment-qrcode.query.ts
FN:12,(anonymous_0)
FN:66,(anonymous_1)
FNF:2
FNH:0
FNDA:0,(anonymous_0)
FNDA:0,(anonymous_1)
DA:11,2
DA:19,0
DA:20,0
DA:21,0
DA:25,0
DA:26,0
DA:30,0
DA:31,0
DA:32,0
DA:39,0
DA:41,0
DA:43,0
DA:49,0
DA:55,0
DA:57,0
DA:59,0
DA:68,0
DA:69,0
DA:70,0
DA:72,0
LF:20
LH:1
BRDA:20,0,0,0
BRDA:25,1,0,0
BRDA:30,2,0,0
BRF:3
BRH:0
end_of_record
TN:
SF:src\core\orders\usecases\queries\get-orders-by-status.query.ts
FN:5,(anonymous_0)
FNF:1
FNH:1
FNDA:7,(anonymous_0)
DA:4,1
DA:9,7
LF:2
LH:2
BRF:0
BRH:0
end_of_record
TN:
SF:src\core\orders\usecases\queries\get-orders.query.ts
FN:10,(anonymous_0)
FNF:1
FNH:1
FNDA:10,(anonymous_0)
DA:3,3
DA:9,3
DA:15,10
DA:17,10
DA:20,2
DA:24,1
DA:28,2
DA:32,1
DA:36,1
DA:40,3
DA:43,0
LF:11
LH:10
BRDA:15,0,0,10
BRDA:15,0,1,1
BRDA:17,1,0,2
BRDA:17,1,1,1
BRDA:17,1,2,2
BRDA:17,1,3,1
BRDA:17,1,4,1
BRDA:17,1,5,3
BRDA:17,1,6,0
BRF:9
BRH:8
end_of_record
TN:
SF:src\core\products\entities\product.ts
FN:4,(anonymous_0)
FN:18,(anonymous_1)
FN:42,(anonymous_2)
FN:46,(anonymous_3)
FN:54,(anonymous_4)
FN:62,(anonymous_5)
FN:72,(anonymous_6)
FN:80,(anonymous_7)
FN:88,(anonymous_8)
FN:93,(anonymous_9)
FN:97,(anonymous_10)
FN:101,(anonymous_11)
FN:105,(anonymous_12)
FN:109,(anonymous_13)
FN:113,(anonymous_14)
FN:117,(anonymous_15)
FN:121,(anonymous_16)
FNF:17
FNH:17
FNDA:37,(anonymous_0)
FNDA:37,(anonymous_1)
FNDA:12,(anonymous_2)
FNDA:3,(anonymous_3)
FNDA:3,(anonymous_4)
FNDA:4,(anonymous_5)
FNDA:3,(anonymous_6)
FNDA:3,(anonymous_7)
FNDA:2,(anonymous_8)
FNDA:12,(anonymous_9)
FNDA:10,(anonymous_10)
FNDA:10,(anonymous_11)
FNDA:11,(anonymous_12)
FNDA:13,(anonymous_13)
FNDA:14,(anonymous_14)
FNDA:4,(anonymous_15)
FNDA:4,(anonymous_16)
DA:3,12
DA:5,37
DA:6,37
DA:7,37
DA:8,37
DA:9,37
DA:10,37
DA:11,37
DA:12,37
DA:13,37
DA:15,37
DA:19,37
DA:20,1
DA:23,36
DA:24,1
DA:27,35
DA:28,1
DA:31,34
DA:32,2
DA:37,32
DA:38,1
DA:43,12
DA:47,3
DA:48,1
DA:50,2
DA:51,2
DA:55,3
DA:56,1
DA:58,2
DA:59,2
DA:63,4
DA:64,2
DA:68,2
DA:69,2
DA:73,3
DA:74,1
DA:76,2
DA:77,2
DA:81,3
DA:82,1
DA:84,2
DA:85,2
DA:89,2
DA:90,2
DA:94,12
DA:98,10
DA:102,10
DA:106,11
DA:110,13
DA:114,14
DA:118,4
DA:122,4
LF:52
LH:52
BRDA:19,0,0,1
BRDA:23,1,0,1
BRDA:27,2,0,1
BRDA:31,3,0,2
BRDA:31,4,0,34
BRDA:31,4,1,33
BRDA:37,5,0,1
BRDA:47,6,0,1
BRDA:55,7,0,1
BRDA:63,8,0,2
BRDA:63,9,0,4
BRDA:63,9,1,3
BRDA:73,10,0,1
BRDA:81,11,0,1
BRF:14
BRH:14
end_of_record
TN:
SF:src\core\products\entities\factories\product.factory.ts
FN:5,(anonymous_0)
FN:6,(anonymous_1)
FNF:2
FNH:1
FNDA:1,(anonymous_0)
FNDA:0,(anonymous_1)
DA:2,2
DA:3,2
DA:4,2
DA:5,1
DA:14,0
DA:15,0
DA:17,0
LF:7
LH:4
BRF:0
BRH:0
end_of_record
TN:
SF:src\core\products\entities\value-objects\product-stock.ts
FN:2,(anonymous_0)
FN:10,(anonymous_1)
FN:14,(anonymous_2)
FN:21,(anonymous_3)
FNF:4
FNH:2
FNDA:22,(anonymous_0)
FNDA:0,(anonymous_1)
FNDA:1,(anonymous_2)
FNDA:0,(anonymous_3)
DA:1,12
DA:3,22
DA:5,22
DA:6,0
DA:11,0
DA:15,1
DA:16,0
DA:18,1
DA:22,0
DA:23,0
DA:25,0
DA:26,0
DA:28,0
LF:13
LH:5
BRDA:5,0,0,0
BRDA:5,1,0,22
BRDA:5,1,1,22
BRDA:11,2,0,0
BRDA:11,2,1,0
BRDA:15,3,0,0
BRDA:22,4,0,0
BRDA:25,5,0,0
BRF:8
BRH:2
end_of_record
TN:
SF:src\core\products\operation\controllers\product-controller.ts
FN:13,(anonymous_0)
FN:19,(anonymous_1)
FN:30,(anonymous_2)
FN:42,(anonymous_3)
FN:61,(anonymous_4)
FN:80,(anonymous_5)
FNF:6
FNH:6
FNDA:1,(anonymous_0)
FNDA:2,(anonymous_1)
FNDA:1,(anonymous_2)
FNDA:1,(anonymous_3)
FNDA:1,(anonymous_4)
FNDA:1,(anonymous_5)
DA:2,2
DA:3,2
DA:4,2
DA:5,2
DA:8,2
DA:9,2
DA:12,2
DA:14,1
DA:15,1
DA:16,1
DA:20,2
DA:21,2
DA:23,2
DA:24,1
DA:27,1
DA:34,1
DA:35,1
DA:39,1
DA:48,1
DA:49,1
DA:50,1
DA:52,1
DA:58,1
DA:67,1
DA:68,1
DA:70,1
DA:77,1
DA:81,1
DA:82,1
LF:29
LH:29
BRDA:23,0,0,1
BRF:1
BRH:1
end_of_record
TN:
SF:src\core\products\operation\gateways\product-gateway.ts
FN:7,(anonymous_0)
FN:11,(anonymous_1)
FN:15,(anonymous_2)
FN:19,(anonymous_3)
FN:22,(anonymous_4)
FN:25,(anonymous_5)
FN:29,(anonymous_6)
FNF:7
FNH:7
FNDA:9,(anonymous_0)
FNDA:1,(anonymous_1)
FNDA:2,(anonymous_2)
FNDA:3,(anonymous_3)
FNDA:1,(anonymous_4)
FNDA:2,(anonymous_5)
FNDA:1,(anonymous_6)
DA:4,5
DA:8,9
DA:12,1
DA:16,2
DA:20,3
DA:23,1
DA:26,2
DA:30,1
LF:8
LH:8
BRF:0
BRH:0
end_of_record
TN:
SF:src\core\products\operation\presenters\product-id-presenter.ts
FN:5,(anonymous_0)
FNF:1
FNH:1
FNDA:2,(anonymous_0)
DA:4,3
DA:6,2
DA:7,2
LF:3
LH:3
BRF:0
BRH:0
end_of_record
TN:
SF:src\core\products\operation\presenters\product-presenter.ts
FN:5,(anonymous_0)
FN:7,(anonymous_1)
FNF:2
FNH:2
FNDA:6,(anonymous_0)
FNDA:5,(anonymous_1)
DA:4,3
DA:6,6
DA:7,5
DA:15,5
DA:17,1
LF:5
LH:5
BRDA:6,0,0,5
BRDA:6,0,1,1
BRF:2
BRH:2
end_of_record
TN:
SF:src\core\products\usecases\product-usecase.ts
FN:27,(anonymous_0)
FN:31,(anonymous_1)
FN:35,(anonymous_2)
FN:43,(anonymous_3)
FN:52,(anonymous_4)
FN:61,(anonymous_5)
FNF:6
FNH:3
FNDA:1,(anonymous_0)
FNDA:2,(anonymous_1)
FNDA:1,(anonymous_2)
FNDA:0,(anonymous_3)
FNDA:0,(anonymous_4)
FNDA:0,(anonymous_5)
DA:8,2
DA:9,2
DA:10,2
DA:13,2
DA:14,2
DA:15,2
DA:25,2
DA:28,1
DA:32,2
DA:39,1
DA:49,0
DA:58,0
DA:62,0
LF:13
LH:10
BRF:0
BRH:0
end_of_record
TN:
SF:src\core\products\usecases\commands\create-product.usecase.ts
FN:8,(anonymous_0)
FNF:1
FNH:1
FNDA:2,(anonymous_0)
DA:7,3
DA:14,2
DA:16,2
DA:17,1
DA:20,1
DA:29,1
LF:6
LH:6
BRDA:16,0,0,1
BRF:1
BRH:1
end_of_record
TN:
SF:src\core\products\usecases\commands\delete-product.usecase.ts
FN:4,(anonymous_0)
FNF:1
FNH:0
FNDA:0,(anonymous_0)
DA:3,2
DA:5,0
DA:7,0
DA:8,0
DA:11,0
LF:5
LH:1
BRDA:7,0,0,0
BRF:1
BRH:0
end_of_record
TN:
SF:src\core\products\usecases\commands\update-product.usecase.ts
FN:15,(anonymous_0)
FNF:1
FNH:1
FNDA:4,(anonymous_0)
DA:14,3
DA:21,4
DA:23,4
DA:24,1
DA:28,3
DA:29,2
DA:30,2
DA:31,1
DA:36,2
DA:37,1
DA:40,2
DA:41,1
DA:44,2
DA:45,1
DA:48,2
DA:49,1
DA:52,2
DA:53,1
DA:54,1
DA:56,1
DA:57,1
DA:60,1
DA:64,2
DA:65,1
DA:68,2
DA:69,2
LF:26
LH:26
BRDA:23,0,0,1
BRDA:28,1,0,2
BRDA:28,2,0,3
BRDA:28,2,1,2
BRDA:30,3,0,1
BRDA:36,4,0,1
BRDA:40,5,0,1
BRDA:44,6,0,1
BRDA:48,7,0,1
BRDA:52,8,0,1
BRDA:56,9,0,1
BRDA:57,10,0,1
BRDA:57,10,1,0
BRDA:64,11,0,1
BRF:14
BRH:13
end_of_record
TN:
SF:src\core\products\usecases\queries\get-all-products.query.ts
FN:5,(anonymous_0)
FNF:1
FNH:1
FNDA:3,(anonymous_0)
DA:4,3
DA:6,3
LF:2
LH:2
BRF:0
BRH:0
end_of_record
TN:
SF:src\core\products\usecases\queries\get-product-by-id.query.ts
FN:5,(anonymous_0)
FNF:1
FNH:1
FNDA:2,(anonymous_0)
DA:4,2
DA:6,2
LF:2
LH:2
BRF:0
BRH:0
end_of_record
TN:
SF:src\core\products\usecases\queries\get-products-by-category.query.ts
FN:5,(anonymous_0)
FNF:1
FNH:1
FNDA:1,(anonymous_0)
DA:4,2
DA:9,1
LF:2
LH:2
BRF:0
BRH:0
end_of_record
TN:
SF:src\external\api\api.module.ts
FNF:0
FNH:0
DA:1,0
DA:2,0
DA:3,0
DA:4,0
DA:5,0
DA:6,0
DA:7,0
DA:8,0
DA:9,0
DA:23,0
LF:10
LH:0
BRF:0
BRH:0
end_of_record
TN:
SF:src\external\api\controllers\health.controller.ts
FN:7,(anonymous_4)
FN:13,(anonymous_5)
FN:62,(anonymous_6)
FNF:3
FNH:3
FNDA:1,(anonymous_4)
FNDA:2,(anonymous_5)
FNDA:2,(anonymous_6)
DA:1,1
DA:2,1
DA:3,1
DA:6,1
DA:9,1
DA:13,1
DA:14,2
DA:16,2
DA:18,2
DA:19,1
DA:21,1
DA:23,1
DA:40,1
DA:41,1
DA:43,1
DA:62,1
DA:63,2
DA:65,2
DA:67,2
DA:68,1
DA:69,1
DA:73,1
DA:74,1
DA:76,1
DA:92,1
DA:93,1
DA:95,1
LF:27
LH:27
BRDA:28,0,0,1
BRDA:28,0,1,0
BRDA:29,1,0,1
BRDA:29,1,1,0
BRDA:30,2,0,1
BRDA:30,2,1,0
BRDA:35,3,0,1
BRDA:35,3,1,0
BRDA:48,4,0,1
BRDA:48,4,1,0
BRDA:49,5,0,1
BRDA:49,5,1,0
BRDA:50,6,0,1
BRDA:50,6,1,0
BRDA:54,7,0,1
BRDA:54,7,1,0
BRDA:79,8,0,1
BRDA:79,8,1,0
BRDA:80,9,0,1
BRDA:80,9,1,0
BRDA:81,10,0,1
BRDA:81,10,1,0
BRDA:86,11,0,1
BRDA:86,11,1,0
BRDA:87,12,0,1
BRDA:87,12,1,0
BRDA:88,13,0,1
BRDA:88,13,1,0
BRDA:98,14,0,1
BRDA:98,14,1,0
BRDA:99,15,0,1
BRDA:99,15,1,0
BRDA:100,16,0,1
BRDA:100,16,1,0
BRF:34
BRH:17
end_of_record
TN:
SF:src\external\api\controllers\nestjs-categories.controller.ts
FN:9,(anonymous_2)
FN:17,(anonymous_3)
FNF:2
FNH:0
FNDA:0,(anonymous_2)
FNDA:0,(anonymous_3)
DA:1,0
DA:2,0
DA:3,0
DA:4,0
DA:5,0
DA:8,0
DA:9,0
DA:17,0
DA:18,0
LF:9
LH:0
BRF:0
BRH:0
end_of_record
TN:
SF:src\external\api\controllers\nestjs-customer.controller.ts
FN:13,(anonymous_4)
FN:22,(anonymous_5)
FN:33,(anonymous_6)
FN:47,(anonymous_7)
FNF:4
FNH:0
FNDA:0,(anonymous_4)
FNDA:0,(anonymous_5)
FNDA:0,(anonymous_6)
FNDA:0,(anonymous_7)
DA:1,0
DA:2,0
DA:3,0
DA:4,0
DA:5,0
DA:7,0
DA:8,0
DA:12,0
DA:13,0
DA:22,0
DA:23,0
DA:33,0
DA:34,0
DA:47,0
DA:48,0
LF:15
LH:0
BRF:0
BRH:0
end_of_record
TN:
SF:src\external\api\controllers\nestjs-orders.controller.ts
FN:27,(anonymous_4)
FN:102,(anonymous_5)
FN:127,(anonymous_6)
FN:146,(anonymous_7)
FN:170,(anonymous_8)
FN:243,(anonymous_9)
FN:277,(anonymous_10)
FN:319,(anonymous_11)
FN:361,(anonymous_12)
FNF:9
FNH:8
FNDA:7,(anonymous_4)
FNDA:2,(anonymous_5)
FNDA:0,(anonymous_6)
FNDA:2,(anonymous_7)
FNDA:2,(anonymous_8)
FNDA:2,(anonymous_9)
FNDA:2,(anonymous_10)
FNDA:1,(anonymous_11)
FNDA:1,(anonymous_12)
DA:1,1
DA:13,1
DA:14,1
DA:18,1
DA:20,1
DA:21,1
DA:22,1
DA:23,1
DA:26,1
DA:28,7
DA:29,7
DA:30,7
DA:31,7
DA:102,1
DA:103,2
DA:104,2
DA:111,1
DA:127,1
DA:128,0
DA:129,0
DA:131,0
DA:146,1
DA:147,2
DA:148,2
DA:150,1
DA:151,1
DA:153,0
DA:170,1
DA:171,2
DA:174,2
DA:176,1
DA:177,1
DA:179,0
DA:180,0
DA:182,0
DA:183,0
DA:185,0
DA:186,0
DA:188,0
DA:189,0
DA:191,1
DA:194,2
DA:195,2
DA:197,0
DA:243,1
DA:244,2
DA:245,2
DA:247,2
DA:248,1
DA:250,1
DA:277,1
DA:278,2
DA:279,2
DA:284,2
DA:289,1
DA:290,1
DA:292,0
DA:319,1
DA:320,1
DA:321,1
DA:326,1
DA:331,0
DA:332,0
DA:334,0
DA:361,1
DA:362,1
DA:363,1
DA:368,1
DA:373,0
DA:374,0
DA:376,0
LF:71
LH:51
BRDA:150,0,0,1
BRDA:174,1,0,1
BRDA:174,1,1,0
BRDA:174,1,2,0
BRDA:174,1,3,0
BRDA:174,1,4,0
BRDA:174,1,5,1
BRDA:247,2,0,1
BRDA:289,3,0,1
BRDA:331,4,0,0
BRDA:373,5,0,0
BRF:11
BRH:5
end_of_record
TN:
SF:src\external\api\controllers\nestjs-products.controller.ts
FN:26,(anonymous_4)
FN:44,(anonymous_5)
FN:67,(anonymous_6)
FN:99,(anonymous_7)
FN:131,(anonymous_8)
FN:161,(anonymous_9)
FNF:6
FNH:6
FNDA:6,(anonymous_4)
FNDA:2,(anonymous_5)
FNDA:2,(anonymous_6)
FNDA:2,(anonymous_7)
FNDA:2,(anonymous_8)
FNDA:2,(anonymous_9)
DA:1,1
DA:14,1
DA:15,1
DA:16,1
DA:17,1
DA:18,1
DA:19,1
DA:20,1
DA:21,1
DA:22,1
DA:25,1
DA:27,6
DA:28,6
DA:29,6
DA:44,1
DA:45,2
DA:46,2
DA:47,1
DA:49,1
DA:51,0
DA:67,1
DA:68,2
DA:69,2
DA:71,2
DA:72,1
DA:75,1
DA:77,1
DA:78,1
DA:80,0
DA:99,1
DA:100,2
DA:101,2
DA:108,1
DA:109,1
DA:111,0
DA:131,1
DA:132,2
DA:133,2
DA:140,1
DA:141,1
DA:143,0
DA:144,0
DA:146,0
DA:161,1
DA:162,2
DA:163,2
DA:165,1
DA:166,1
DA:168,0
LF:49
LH:42
BRDA:46,0,0,1
BRDA:71,1,0,1
BRDA:77,2,0,1
BRDA:108,3,0,1
BRDA:140,4,0,1
BRDA:143,5,0,0
BRDA:165,6,0,1
BRF:7
BRH:6
end_of_record
TN:
SF:src\external\api\controllers\nestjs-webhook.controller.ts
FN:11,(anonymous_4)
FN:30,(anonymous_5)
FNF:2
FNH:2
FNDA:3,(anonymous_4)
FNDA:3,(anonymous_5)
DA:1,1
DA:2,1
DA:3,1
DA:4,1
DA:5,1
DA:6,1
DA:10,1
DA:12,3
DA:13,3
DA:30,1
DA:31,3
DA:32,3
DA:35,3
DA:36,1
DA:37,1
DA:41,2
DA:42,1
DA:43,1
DA:51,1
DA:53,1
DA:54,1
DA:61,1
DA:62,1
DA:64,1
DA:65,1
DA:67,0
DA:68,0
DA:72,0
DA:73,0
LF:29
LH:25
BRDA:35,0,0,1
BRDA:35,1,0,3
BRDA:35,1,1,2
BRDA:41,2,0,1
BRDA:41,3,0,2
BRDA:41,3,1,1
BRDA:41,3,2,1
BRDA:53,4,0,1
BRDA:53,4,1,0
BRF:9
BRH:8
end_of_record
TN:
SF:src\external\api\dtos\create-customer.dto.ts
FNF:0
FNH:0
DA:1,0
DA:2,0
DA:4,0
DA:9,0
DA:15,0
DA:21,0
LF:6
LH:0
BRF:0
BRH:0
end_of_record
TN:
SF:src\external\api\dtos\create-product.dto.ts
FNF:0
FNH:0
DA:1,1
DA:2,1
DA:4,1
DA:10,1
DA:17,1
DA:24,1
DA:31,1
DA:38,1
DA:44,1
LF:9
LH:9
BRF:0
BRH:0
end_of_record
TN:
SF:src\external\api\dtos\get-orders-query.dto.ts
FNF:0
FNH:0
DA:1,0
DA:2,0
DA:3,0
DA:5,0
DA:18,0
LF:5
LH:0
BRF:0
BRH:0
end_of_record
TN:
SF:src\external\api\dtos\update-product.dto.ts
FNF:0
FNH:0
DA:1,1
DA:2,1
DA:4,1
LF:3
LH:3
BRF:0
BRH:0
end_of_record
TN:
SF:src\external\database\database.module.ts
FNF:0
FNH:0
DA:1,0
DA:2,0
DA:3,0
DA:4,0
DA:5,0
DA:6,0
DA:7,0
DA:8,0
DA:9,0
DA:10,0
DA:11,0
DA:12,0
DA:13,0
DA:14,0
DA:15,0
DA:16,0
DA:54,0
LF:17
LH:0
BRF:0
BRH:0
end_of_record
TN:
SF:src\external\database\entities\category.entity.ts
FNF:0
FNH:0
DA:1,2
DA:4,2
DA:6,2
DA:9,2
LF:4
LH:4
BRF:0
BRH:0
end_of_record
TN:
SF:src\external\database\entities\customer.entity.ts
FNF:0
FNH:0
DA:1,2
DA:4,2
DA:6,2
DA:9,2
DA:12,2
DA:15,2
DA:18,2
DA:21,2
LF:8
LH:8
BRF:0
BRH:0
end_of_record
TN:
SF:src\external\database\entities\order-item.entity.ts
FN:30,(anonymous_2)
FN:30,(anonymous_3)
FNF:2
FNH:0
FNDA:0,(anonymous_2)
FNDA:0,(anonymous_3)
DA:1,2
DA:2,2
DA:5,2
DA:7,2
DA:10,2
DA:13,2
DA:16,2
DA:19,2
DA:22,2
DA:25,2
DA:28,2
DA:30,0
DA:32,2
DA:35,2
DA:38,2
LF:15
LH:14
BRF:0
BRH:0
end_of_record
TN:
SF:src\external\database\entities\order.entity.ts
FN:24,(anonymous_2)
FN:24,(anonymous_3)
FNF:2
FNH:0
FNDA:0,(anonymous_2)
FNDA:0,(anonymous_3)
DA:1,2
DA:2,2
DA:5,2
DA:7,2
DA:10,2
DA:13,2
DA:16,2
DA:19,2
DA:22,2
DA:24,0
DA:25,2
DA:28,2
DA:31,2
LF:13
LH:12
BRF:0
BRH:0
end_of_record
TN:
SF:src\external\database\entities\product.entity.ts
FNF:0
FNH:0
DA:1,2
DA:4,2
DA:6,2
DA:9,2
DA:12,2
DA:15,2
DA:18,2
DA:21,2
DA:24,2
DA:27,2
DA:30,2
LF:11
LH:11
BRF:0
BRH:0
end_of_record
TN:
SF:src\external\database\mappers\category.mapper.ts
FN:5,(anonymous_0)
FNF:1
FNH:1
FNDA:4,(anonymous_0)
DA:1,2
DA:4,2
DA:6,4
DA:7,4
LF:4
LH:4
BRF:0
BRH:0
end_of_record
TN:
SF:src\external\database\mappers\customer.mapper.ts
FN:6,(anonymous_0)
FN:18,(anonymous_1)
FNF:2
FNH:2
FNDA:5,(anonymous_0)
FNDA:2,(anonymous_1)
DA:1,2
DA:2,2
DA:5,2
DA:8,5
DA:19,2
DA:21,2
DA:22,2
DA:23,2
DA:24,2
DA:25,2
DA:26,2
DA:28,2
LF:12
LH:12
BRF:0
BRH:0
end_of_record
TN:
SF:src\external\database\mappers\order.mapper.ts
FN:8,(anonymous_0)
FN:24,(anonymous_1)
FN:38,(anonymous_2)
FN:46,(anonymous_3)
FNF:4
FNH:4
FNDA:5,(anonymous_0)
FNDA:5,(anonymous_1)
FNDA:2,(anonymous_2)
FNDA:1,(anonymous_3)
DA:1,2
DA:2,2
DA:3,2
DA:4,2
DA:5,2
DA:7,2
DA:9,5
DA:17,5
DA:18,5
DA:19,5
DA:20,5
DA:21,5
DA:22,5
DA:23,5
DA:25,5
DA:35,5
DA:39,2
DA:40,2
DA:41,2
DA:42,2
DA:43,2
DA:44,2
DA:45,2
DA:46,2
DA:47,1
DA:48,1
DA:49,1
DA:50,1
DA:51,1
DA:52,1
DA:53,1
DA:54,1
DA:55,1
DA:56,1
DA:57,1
DA:60,2
LF:36
LH:36
BRDA:20,0,0,5
BRDA:20,0,1,5
BRDA:42,1,0,2
BRDA:42,1,1,1
BRDA:43,2,0,2
BRDA:43,2,1,2
BRDA:44,3,0,2
BRDA:44,3,1,2
BRDA:45,4,0,2
BRDA:45,4,1,2
BRF:10
BRH:10
end_of_record
TN:
SF:src\external\database\mappers\product.mapper.ts
FN:6,(anonymous_0)
FN:31,(anonymous_1)
FNF:2
FNH:2
FNDA:7,(anonymous_0)
FNDA:3,(anonymous_1)
DA:1,2
DA:2,2
DA:3,2
DA:5,2
DA:7,7
DA:10,7
DA:11,7
DA:12,1
DA:13,1
DA:14,6
DA:15,1
DA:18,7
DA:32,3
DA:34,3
DA:35,3
DA:36,3
DA:37,3
DA:38,3
DA:39,3
DA:40,3
DA:41,3
DA:44,3
DA:45,1
DA:50,2
DA:53,3
LF:25
LH:25
BRDA:11,0,0,1
BRDA:11,0,1,6
BRDA:11,1,0,7
BRDA:11,1,1,2
BRDA:13,2,0,1
BRDA:13,2,1,0
BRDA:14,3,0,1
BRDA:44,4,0,1
BRDA:44,4,1,2
BRDA:44,5,0,3
BRDA:44,5,1,1
BRF:11
BRH:10
end_of_record
TN:
SF:src\external\database\repositories\category.repository.ts
FN:12,(anonymous_4)
FN:17,(anonymous_5)
FN:22,(anonymous_6)
FN:27,(anonymous_7)
FNF:4
FNH:4
FNDA:3,(anonymous_4)
FNDA:1,(anonymous_5)
FNDA:1,(anonymous_6)
FNDA:1,(anonymous_7)
DA:1,1
DA:2,1
DA:3,1
DA:4,1
DA:5,1
DA:7,1
DA:11,1
DA:14,3
DA:18,1
DA:19,1
DA:23,1
DA:24,1
DA:28,1
DA:29,1
LF:14
LH:14
BRF:0
BRH:0
end_of_record
TN:
SF:src\external\database\repositories\customer.repository.ts
FN:11,(anonymous_4)
FN:16,(anonymous_5)
FN:23,(anonymous_6)
FN:31,(anonymous_7)
FN:41,(anonymous_8)
FN:45,(anonymous_9)
FN:47,(anonymous_10)
FNF:7
FNH:7
FNDA:6,(anonymous_4)
FNDA:1,(anonymous_5)
FNDA:2,(anonymous_6)
FNDA:1,(anonymous_7)
FNDA:1,(anonymous_8)
FNDA:1,(anonymous_9)
FNDA:1,(anonymous_10)
DA:1,1
DA:2,1
DA:3,1
DA:4,1
DA:5,1
DA:10,1
DA:13,6
DA:17,1
DA:18,1
DA:19,1
DA:24,2
DA:25,2
DA:26,1
DA:28,1
DA:32,1
DA:35,1
DA:36,0
DA:38,1
DA:42,1
DA:46,1
DA:47,1
LF:21
LH:20
BRDA:25,0,0,1
BRDA:35,1,0,0
BRF:2
BRH:1
end_of_record
TN:
SF:src\external\database\repositories\order.repository.ts
FN:11,(anonymous_4)
FN:17,(anonymous_5)
FN:19,(anonymous_6)
FN:26,(anonymous_7)
FN:30,(anonymous_8)
FN:35,(anonymous_9)
FN:43,(anonymous_10)
FNF:7
FNH:7
FNDA:6,(anonymous_4)
FNDA:1,(anonymous_5)
FNDA:1,(anonymous_6)
FNDA:1,(anonymous_7)
FNDA:2,(anonymous_8)
FNDA:1,(anonymous_9)
FNDA:1,(anonymous_10)
DA:1,1
DA:2,1
DA:3,1
DA:4,1
DA:5,1
DA:10,1
DA:13,6
DA:14,6
DA:18,1
DA:19,1
DA:20,1
DA:21,1
DA:23,1
DA:27,1
DA:31,2
DA:32,2
DA:36,1
DA:40,1
DA:44,1
DA:49,1
LF:20
LH:20
BRDA:32,0,0,1
BRDA:32,0,1,1
BRF:2
BRH:2
end_of_record
TN:
SF:src\external\database\repositories\product.repository.ts
FN:11,(anonymous_4)
FN:16,(anonymous_5)
FN:22,(anonymous_6)
FN:27,(anonymous_7)
FN:35,(anonymous_8)
FN:42,(anonymous_9)
FN:46,(anonymous_10)
FN:51,(anonymous_11)
FNF:8
FNH:8
FNDA:8,(anonymous_4)
FNDA:1,(anonymous_5)
FNDA:1,(anonymous_6)
FNDA:2,(anonymous_7)
FNDA:1,(anonymous_8)
FNDA:1,(anonymous_9)
FNDA:1,(anonymous_10)
FNDA:1,(anonymous_11)
DA:1,1
DA:2,1
DA:3,1
DA:4,1
DA:5,1
DA:10,1
DA:13,8
DA:17,1
DA:18,1
DA:19,1
DA:23,1
DA:24,1
DA:28,2
DA:29,2
DA:30,1
DA:32,1
DA:36,1
DA:39,1
DA:43,1
DA:47,1
DA:48,1
DA:52,1
DA:53,1
LF:23
LH:23
BRDA:29,0,0,1
BRF:1
BRH:1
end_of_record
TN:
SF:src\external\gateways\mercadopago\mercadopago.gateway.ts
FN:7,(anonymous_2)
FN:9,(anonymous_3)
FN:16,(anonymous_4)
FN:34,(anonymous_5)
FNF:4
FNH:4
FNDA:1,(anonymous_2)
FNDA:1,(anonymous_3)
FNDA:1,(anonymous_4)
FNDA:1,(anonymous_5)
DA:1,3
DA:3,3
DA:6,3
DA:7,1
DA:11,1
DA:16,1
DA:26,1
DA:28,1
DA:35,1
LF:9
LH:9
BRF:0
BRH:0
end_of_record
TN:
SF:src\external\providers\mercadopago-simple.service.ts
FN:20,(anonymous_2)
FN:25,(anonymous_3)
FN:47,(anonymous_4)
FN:101,(anonymous_5)
FNF:4
FNH:4
FNDA:1,(anonymous_2)
FNDA:2,(anonymous_3)
FNDA:2,(anonymous_4)
FNDA:1,(anonymous_5)
DA:1,1
DA:16,1
DA:18,1
DA:22,1
DA:26,2
DA:28,2
DA:30,1
DA:35,1
DA:38,1
DA:40,1
DA:48,2
DA:78,2
DA:80,2
DA:89,1
DA:90,0
DA:91,0
DA:92,0
DA:95,1
DA:96,1
DA:98,1
DA:102,1
DA:103,1
DA:109,0
DA:110,0
DA:113,0
DA:115,1
DA:118,1
LF:27
LH:21
BRDA:89,0,0,0
BRDA:109,1,0,0
BRDA:122,2,0,1
BRDA:122,2,1,0
BRF:4
BRH:1
end_of_record
TN:
SF:src\external\providers\mercadopago.service.ts
FN:37,(anonymous_2)
FN:42,(anonymous_3)
FN:54,(anonymous_4)
FN:107,(anonymous_5)
FNF:4
FNH:3
FNDA:1,(anonymous_2)
FNDA:1,(anonymous_3)
FNDA:0,(anonymous_4)
FNDA:1,(anonymous_5)
DA:1,4
DA:31,4
DA:33,1
DA:34,1
DA:35,1
DA:39,1
DA:43,1
DA:44,1
DA:47,1
DA:50,1
DA:54,0
DA:77,1
DA:79,1
DA:91,1
DA:92,0
DA:93,0
DA:94,0
DA:97,1
DA:98,1
DA:100,1
DA:102,0
DA:103,0
DA:108,1
DA:109,1
DA:111,1
DA:117,0
DA:118,0
DA:121,0
DA:122,0
DA:124,0
DA:126,1
DA:129,1
DA:131,1
LF:33
LH:22
BRDA:47,0,0,1
BRDA:47,0,1,1
BRDA:54,1,0,1
BRDA:54,1,1,1
BRDA:91,2,0,0
BRDA:117,3,0,0
BRDA:129,4,0,1
BRDA:129,4,1,0
BRF:8
BRH:5
end_of_record
TN:
SF:src\external\providers\providers.module.ts
FNF:0
FNH:0
DA:1,0
DA:2,0
DA:3,0
DA:4,0
DA:5,0
DA:6,0
DA:20,0
LF:7
LH:0
BRF:0
BRH:0
end_of_record
TN:
SF:src\external\providers\uuid-generator\uuid-generator.ts
FN:5,(anonymous_0)
FNF:1
FNH:0
FNDA:0,(anonymous_0)
DA:1,0
DA:4,0
DA:6,0
LF:3
LH:0
BRF:0
BRH:0
end_of_record
TN:
SF:src\interfaces\category-datasource.ts
FNF:0
FNH:0
DA:3,1
LF:1
LH:1
BRF:0
BRH:0
end_of_record
TN:
SF:src\interfaces\customer-datasource.ts
FNF:0
FNH:0
DA:3,0
LF:1
LH:0
BRF:0
BRH:0
end_of_record
TN:
SF:src\interfaces\id-generator.ts
FNF:0
FNH:0
DA:1,1
LF:1
LH:1
BRF:0
BRH:0
end_of_record
TN:
SF:src\interfaces\order-datasource.ts
FNF:0
FNH:0
DA:3,2
LF:1
LH:1
BRF:0
BRH:0
end_of_record
TN:
SF:src\interfaces\product-datasource.ts
FNF:0
FNH:0
DA:2,2
LF:1
LH:1
BRF:0
BRH:0
end_of_record
